<?xml version="1.0" encoding="UTF-8"?>
<testsuite xmlns:xsi="http://www.w3.org/2001/XMLSchema-instance" xsi:noNamespaceSchemaLocation="https://maven.apache.org/surefire/maven-surefire-plugin/xsd/surefire-test-report.xsd" version="3.0.2" name="com.gespaciente.micro_pacientes.MicroPacientesApplicationTests" time="10.084" tests="1" errors="0" skipped="0" failures="0">
  <properties>
[...]
</properties>
  <testcase name="contextLoads" classname="com.gespaciente.micro_pacientes.MicroPacientesApplicationTests" time="0.359">
    <system-out><![CDATA[00:05:00.093 [main] INFO org.springframework.test.context.support.AnnotationConfigContextLoaderUtils -- Could not detect default configuration classes for test class [com.gespaciente.micro_pacientes.MicroPacientesApplicationTests]: MicroPacientesApplicationTests does not declare any static, non-private, non-final, nested classes annotated with @Configuration.
00:05:00.173 [main] INFO org.springframework.boot.test.context.SpringBootTestContextBootstrapper -- Found @SpringBootConfiguration com.gespaciente.micro_pacientes.MicroPacientesApplication for test class com.gespaciente.micro_pacientes.MicroPacientesApplicationTests
00:05:00.306 [main] INFO org.springframework.boot.devtools.restart.RestartApplicationListener -- Restart disabled due to context in which it is running

  .   ____          _            __ _ _
 /\\ / ___'_ __ _ _(_)_ __  __ _ \ \ \ \
( ( )\___ | '_ | '_| | '_ \/ _` | \ \ \ \
 \\/  ___)| |_)| | | | | || (_| |  ) ) ) )
  '  |____| .__|_| |_|_| |_\__, | / / / /
 =========|_|==============|___/=/_/_/_/

 :: Spring Boot ::                (v3.4.1)

2025-01-13T00:05:00.532-03:00  INFO 27584 --- [micro-pacientes] [           main] c.g.m.MicroPacientesApplicationTests     : Starting MicroPacientesApplicationTests using Java 21.0.2 with PID 27584 (started by mar_x in C:\Users\mar_x\OneDrive\Escritorio\MicroPacientes\micropacientes)
2025-01-13T00:05:00.533-03:00  INFO 27584 --- [micro-pacientes] [           main] c.g.m.MicroPacientesApplicationTests     : No active profile set, falling back to 1 default profile: "default"
2025-01-13T00:05:00.533-03:00 DEBUG 27584 --- [micro-pacientes] [           main] o.s.boot.SpringApplication               : Loading source class com.gespaciente.micro_pacientes.MicroPacientesApplication
2025-01-13T00:05:00.554-03:00 DEBUG 27584 --- [micro-pacientes] [           main] o.s.w.c.s.GenericWebApplicationContext   : Refreshing org.springframework.web.context.support.GenericWebApplicationContext@251ebf23
2025-01-13T00:05:00.570-03:00 DEBUG 27584 --- [micro-pacientes] [           main] o.s.b.f.s.DefaultListableBeanFactory     : Creating shared instance of singleton bean 'org.springframework.context.annotation.internalConfigurationAnnotationProcessor'
2025-01-13T00:05:00.580-03:00 DEBUG 27584 --- [micro-pacientes] [           main] o.s.b.f.s.DefaultListableBeanFactory     : Creating shared instance of singleton bean 'org.springframework.boot.autoconfigure.internalCachingMetadataReaderFactory'
2025-01-13T00:05:00.605-03:00 DEBUG 27584 --- [micro-pacientes] [           main] o.s.c.a.ClassPathBeanDefinitionScanner   : Identified candidate component class: file [C:\Users\mar_x\OneDrive\Escritorio\MicroPacientes\micropacientes\target\classes\com\gespaciente\micro_pacientes\config\SecurityConfig.class]
2025-01-13T00:05:00.616-03:00 DEBUG 27584 --- [micro-pacientes] [           main] o.s.c.a.ClassPathBeanDefinitionScanner   : Identified candidate component class: file [C:\Users\mar_x\OneDrive\Escritorio\MicroPacientes\micropacientes\target\classes\com\gespaciente\micro_pacientes\controller\AlertController.class]
2025-01-13T00:05:00.621-03:00 DEBUG 27584 --- [micro-pacientes] [           main] o.s.c.a.ClassPathBeanDefinitionScanner   : Identified candidate component class: file [C:\Users\mar_x\OneDrive\Escritorio\MicroPacientes\micropacientes\target\classes\com\gespaciente\micro_pacientes\controller\PatientController.class]
2025-01-13T00:05:00.622-03:00 DEBUG 27584 --- [micro-pacientes] [           main] o.s.c.a.ClassPathBeanDefinitionScanner   : Identified candidate component class: file [C:\Users\mar_x\OneDrive\Escritorio\MicroPacientes\micropacientes\target\classes\com\gespaciente\micro_pacientes\controller\VItalSignController.class]
2025-01-13T00:05:00.627-03:00 DEBUG 27584 --- [micro-pacientes] [           main] o.s.c.a.ClassPathBeanDefinitionScanner   : Ignored because not a concrete top-level class: file [C:\Users\mar_x\OneDrive\Escritorio\MicroPacientes\micropacientes\target\classes\com\gespaciente\micro_pacientes\repository\AlertRepository.class]
2025-01-13T00:05:00.628-03:00 DEBUG 27584 --- [micro-pacientes] [           main] o.s.c.a.ClassPathBeanDefinitionScanner   : Ignored because not a concrete top-level class: file [C:\Users\mar_x\OneDrive\Escritorio\MicroPacientes\micropacientes\target\classes\com\gespaciente\micro_pacientes\repository\PatientRepository.class]
2025-01-13T00:05:00.628-03:00 DEBUG 27584 --- [micro-pacientes] [           main] o.s.c.a.ClassPathBeanDefinitionScanner   : Ignored because not a concrete top-level class: file [C:\Users\mar_x\OneDrive\Escritorio\MicroPacientes\micropacientes\target\classes\com\gespaciente\micro_pacientes\repository\VitalSignRepository.class]
2025-01-13T00:05:00.629-03:00 DEBUG 27584 --- [micro-pacientes] [           main] o.s.c.a.ClassPathBeanDefinitionScanner   : Identified candidate component class: file [C:\Users\mar_x\OneDrive\Escritorio\MicroPacientes\micropacientes\target\classes\com\gespaciente\micro_pacientes\service\AlertService.class]
2025-01-13T00:05:00.629-03:00 DEBUG 27584 --- [micro-pacientes] [           main] o.s.c.a.ClassPathBeanDefinitionScanner   : Identified candidate component class: file [C:\Users\mar_x\OneDrive\Escritorio\MicroPacientes\micropacientes\target\classes\com\gespaciente\micro_pacientes\service\PatientService.class]
2025-01-13T00:05:00.629-03:00 DEBUG 27584 --- [micro-pacientes] [           main] o.s.c.a.ClassPathBeanDefinitionScanner   : Identified candidate component class: file [C:\Users\mar_x\OneDrive\Escritorio\MicroPacientes\micropacientes\target\classes\com\gespaciente\micro_pacientes\service\VitalSignService.class]
2025-01-13T00:05:01.394-03:00  INFO 27584 --- [micro-pacientes] [           main] .s.d.r.c.RepositoryConfigurationDelegate : Bootstrapping Spring Data JPA repositories in DEFAULT mode.
2025-01-13T00:05:01.401-03:00 DEBUG 27584 --- [micro-pacientes] [           main] o.s.b.f.s.DefaultListableBeanFactory     : Creating shared instance of singleton bean 'org.springframework.boot.autoconfigure.AutoConfigurationPackages'
2025-01-13T00:05:01.407-03:00 DEBUG 27584 --- [micro-pacientes] [           main] o.s.b.a.AutoConfigurationPackages        : @EnableAutoConfiguration was declared on a class in the package 'com.gespaciente.micro_pacientes'. Automatic @Repository and @Entity scanning is enabled.
2025-01-13T00:05:01.408-03:00 DEBUG 27584 --- [micro-pacientes] [           main] .s.d.r.c.RepositoryConfigurationDelegate : Scanning for JPA repositories in packages com.gespaciente.micro_pacientes.
2025-01-13T00:05:01.416-03:00 DEBUG 27584 --- [micro-pacientes] [           main] o.s.d.r.c.RepositoryComponentProvider    : Identified candidate component class: file [C:\Users\mar_x\OneDrive\Escritorio\MicroPacientes\micropacientes\target\classes\com\gespaciente\micro_pacientes\repository\AlertRepository.class]
2025-01-13T00:05:01.416-03:00 DEBUG 27584 --- [micro-pacientes] [           main] o.s.d.r.c.RepositoryComponentProvider    : Identified candidate component class: file [C:\Users\mar_x\OneDrive\Escritorio\MicroPacientes\micropacientes\target\classes\com\gespaciente\micro_pacientes\repository\PatientRepository.class]
2025-01-13T00:05:01.416-03:00 DEBUG 27584 --- [micro-pacientes] [           main] o.s.d.r.c.RepositoryComponentProvider    : Identified candidate component class: file [C:\Users\mar_x\OneDrive\Escritorio\MicroPacientes\micropacientes\target\classes\com\gespaciente\micro_pacientes\repository\VitalSignRepository.class]
2025-01-13T00:05:01.442-03:00  INFO 27584 --- [micro-pacientes] [           main] .s.d.r.c.RepositoryConfigurationDelegate : Finished Spring Data repository scanning in 32 ms. Found 3 JPA repository interfaces.
2025-01-13T00:05:01.529-03:00 DEBUG 27584 --- [micro-pacientes] [           main] o.s.b.f.s.DefaultListableBeanFactory     : Creating shared instance of singleton bean 'springSecurityHandlerMappingIntrospectorBeanDefinitionRegistryPostProcessor'
2025-01-13T00:05:01.604-03:00 DEBUG 27584 --- [micro-pacientes] [           main] o.s.b.f.s.DefaultListableBeanFactory     : Creating shared instance of singleton bean 'propertySourcesPlaceholderConfigurer'
2025-01-13T00:05:01.609-03:00 DEBUG 27584 --- [micro-pacientes] [           main] o.s.b.f.s.DefaultListableBeanFactory     : Creating shared instance of singleton bean 'org.springframework.boot.test.mock.mockito.MockitoPostProcessor'
2025-01-13T00:05:01.611-03:00 DEBUG 27584 --- [micro-pacientes] [           main] o.s.b.f.s.DefaultListableBeanFactory     : Creating shared instance of singleton bean 'emBeanDefinitionRegistrarPostProcessor'
2025-01-13T00:05:01.611-03:00 DEBUG 27584 --- [micro-pacientes] [           main] o.s.b.f.s.DefaultListableBeanFactory     : Creating shared instance of singleton bean 'org.springframework.boot.sql.init.dependency.DatabaseInitializationDependencyConfigurer$DependsOnDatabaseInitializationPostProcessor'
2025-01-13T00:05:01.669-03:00 DEBUG 27584 --- [micro-pacientes] [           main] o.s.b.f.s.DefaultListableBeanFactory     : Creating shared instance of singleton bean 'org.springframework.context.event.internalEventListenerProcessor'
2025-01-13T00:05:01.671-03:00 DEBUG 27584 --- [micro-pacientes] [           main] o.s.b.f.s.DefaultListableBeanFactory     : Creating shared instance of singleton bean 'preserveErrorControllerTargetClassPostProcessor'
2025-01-13T00:05:01.672-03:00 DEBUG 27584 --- [micro-pacientes] [           main] o.s.b.f.s.DefaultListableBeanFactory     : Creating shared instance of singleton bean 'conversionServicePostProcessor'
2025-01-13T00:05:01.686-03:00 DEBUG 27584 --- [micro-pacientes] [           main] o.s.b.f.s.DefaultListableBeanFactory     : Creating shared instance of singleton bean 'org.springframework.context.event.internalEventListenerFactory'
2025-01-13T00:05:01.687-03:00 DEBUG 27584 --- [micro-pacientes] [           main] o.s.b.f.s.DefaultListableBeanFactory     : Creating shared instance of singleton bean 'org.springframework.transaction.config.internalTransactionalEventListenerFactory'
2025-01-13T00:05:01.692-03:00 DEBUG 27584 --- [micro-pacientes] [           main] o.s.b.f.s.DefaultListableBeanFactory     : Creating shared instance of singleton bean 'org.springframework.boot.test.mock.mockito.MockitoPostProcessor$SpyPostProcessor'
2025-01-13T00:05:01.694-03:00 DEBUG 27584 --- [micro-pacientes] [           main] o.s.b.f.s.DefaultListableBeanFactory     : Creating shared instance of singleton bean 'org.springframework.context.annotation.internalAutowiredAnnotationProcessor'
2025-01-13T00:05:01.695-03:00 DEBUG 27584 --- [micro-pacientes] [           main] o.s.b.f.s.DefaultListableBeanFactory     : Creating shared instance of singleton bean 'org.springframework.context.annotation.internalCommonAnnotationProcessor'
2025-01-13T00:05:01.702-03:00 DEBUG 27584 --- [micro-pacientes] [           main] o.s.b.f.s.DefaultListableBeanFactory     : Creating shared instance of singleton bean 'org.springframework.context.annotation.internalPersistenceAnnotationProcessor'
2025-01-13T00:05:01.703-03:00 DEBUG 27584 --- [micro-pacientes] [           main] o.s.b.f.s.DefaultListableBeanFactory     : Creating shared instance of singleton bean 'org.springframework.boot.context.properties.ConfigurationPropertiesBindingPostProcessor'
2025-01-13T00:05:01.703-03:00 DEBUG 27584 --- [micro-pacientes] [           main] o.s.b.f.s.DefaultListableBeanFactory     : Creating shared instance of singleton bean 'org.springframework.boot.context.internalConfigurationPropertiesBinder'
2025-01-13T00:05:01.707-03:00 DEBUG 27584 --- [micro-pacientes] [           main] o.s.b.f.s.DefaultListableBeanFactory     : Creating shared instance of singleton bean 'jdbcConnectionDetailsHikariBeanPostProcessor'
2025-01-13T00:05:01.712-03:00 DEBUG 27584 --- [micro-pacientes] [           main] o.s.b.f.s.DefaultListableBeanFactory     : Creating shared instance of singleton bean 'org.springframework.aop.config.internalAutoProxyCreator'
2025-01-13T00:05:01.745-03:00 DEBUG 27584 --- [micro-pacientes] [           main] o.s.b.f.s.DefaultListableBeanFactory     : Creating shared instance of singleton bean 'persistenceExceptionTranslationPostProcessor'
2025-01-13T00:05:01.748-03:00 DEBUG 27584 --- [micro-pacientes] [           main] o.s.b.f.s.DefaultListableBeanFactory     : Autowiring by type from bean name 'persistenceExceptionTranslationPostProcessor' via factory method to bean named 'environment'
2025-01-13T00:05:01.755-03:00 DEBUG 27584 --- [micro-pacientes] [           main] o.s.b.f.s.DefaultListableBeanFactory     : Creating shared instance of singleton bean 'webServerFactoryCustomizerBeanPostProcessor'
2025-01-13T00:05:01.756-03:00 DEBUG 27584 --- [micro-pacientes] [           main] o.s.b.f.s.DefaultListableBeanFactory     : Creating shared instance of singleton bean 'errorPageRegistrarBeanPostProcessor'
2025-01-13T00:05:01.756-03:00 DEBUG 27584 --- [micro-pacientes] [           main] o.s.b.f.s.DefaultListableBeanFactory     : Creating shared instance of singleton bean 'healthEndpointGroupsBeanPostProcessor'
2025-01-13T00:05:01.758-03:00 DEBUG 27584 --- [micro-pacientes] [           main] o.s.b.f.s.DefaultListableBeanFactory     : Creating shared instance of singleton bean 'org.springframework.transaction.config.internalTransactionAdvisor'
2025-01-13T00:05:01.758-03:00 DEBUG 27584 --- [micro-pacientes] [           main] o.s.b.f.s.DefaultListableBeanFactory     : Creating shared instance of singleton bean 'org.springframework.transaction.annotation.ProxyTransactionManagementConfiguration'
2025-01-13T00:05:01.795-03:00 DEBUG 27584 --- [micro-pacientes] [           main] .s.a.a.a.ReflectiveAspectJAdvisorFactory : Found AspectJ method: public java.lang.Object io.micrometer.observation.aop.ObservedAspect.observeClass(org.aspectj.lang.ProceedingJoinPoint) throws java.lang.Throwable
2025-01-13T00:05:01.796-03:00 DEBUG 27584 --- [micro-pacientes] [           main] .s.a.a.a.ReflectiveAspectJAdvisorFactory : Found AspectJ method: public java.lang.Object io.micrometer.observation.aop.ObservedAspect.observeMethod(org.aspectj.lang.ProceedingJoinPoint) throws java.lang.Throwable
2025-01-13T00:05:01.924-03:00 DEBUG 27584 --- [micro-pacientes] [           main] o.s.b.f.s.DefaultListableBeanFactory     : Creating shared instance of singleton bean 'transactionAttributeSource'
2025-01-13T00:05:01.930-03:00 DEBUG 27584 --- [micro-pacientes] [           main] o.s.b.f.s.DefaultListableBeanFactory     : Creating shared instance of singleton bean 'transactionInterceptor'
2025-01-13T00:05:01.931-03:00 DEBUG 27584 --- [micro-pacientes] [           main] o.s.b.f.s.DefaultListableBeanFactory     : Autowiring by type from bean name 'transactionInterceptor' via factory method to bean named 'transactionAttributeSource'
2025-01-13T00:05:01.935-03:00 DEBUG 27584 --- [micro-pacientes] [           main] o.s.b.f.s.DefaultListableBeanFactory     : Autowiring by type from bean name 'org.springframework.transaction.config.internalTransactionAdvisor' via factory method to bean named 'transactionAttributeSource'
2025-01-13T00:05:01.935-03:00 DEBUG 27584 --- [micro-pacientes] [           main] o.s.b.f.s.DefaultListableBeanFactory     : Autowiring by type from bean name 'org.springframework.transaction.config.internalTransactionAdvisor' via factory method to bean named 'transactionInterceptor'
2025-01-13T00:05:01.941-03:00 DEBUG 27584 --- [micro-pacientes] [           main] o.s.b.f.s.DefaultListableBeanFactory     : Creating shared instance of singleton bean 'meterRegistryPostProcessor'
2025-01-13T00:05:01.942-03:00 DEBUG 27584 --- [micro-pacientes] [           main] o.s.b.f.s.DefaultListableBeanFactory     : Autowiring by type from bean name 'meterRegistryPostProcessor' via factory method to bean named 'org.springframework.web.context.support.GenericWebApplicationContext@251ebf23'
2025-01-13T00:05:01.949-03:00 DEBUG 27584 --- [micro-pacientes] [           main] o.s.b.f.s.DefaultListableBeanFactory     : Creating shared instance of singleton bean 'metricsRepositoryMethodInvocationListenerBeanPostProcessor'
2025-01-13T00:05:01.953-03:00 DEBUG 27584 --- [micro-pacientes] [           main] o.s.b.f.s.DefaultListableBeanFactory     : Creating shared instance of singleton bean 'observationRegistryPostProcessor'
2025-01-13T00:05:01.958-03:00 DEBUG 27584 --- [micro-pacientes] [           main] o.s.b.f.s.DefaultListableBeanFactory     : Creating shared instance of singleton bean 'projectingArgumentResolverBeanPostProcessor'
2025-01-13T00:05:01.987-03:00 DEBUG 27584 --- [micro-pacientes] [           main] o.s.u.c.s.UiApplicationContextUtils      : Unable to locate ThemeSource with name 'themeSource': using default [org.springframework.ui.context.support.ResourceBundleThemeSource@7741ae1b]
2025-01-13T00:05:01.989-03:00 DEBUG 27584 --- [micro-pacientes] [           main] o.s.b.f.s.DefaultListableBeanFactory     : Creating shared instance of singleton bean 'org.springframework.test.context.support.internalDynamicPropertyRegistrarBeanInitializer'
2025-01-13T00:05:01.992-03:00 DEBUG 27584 --- [micro-pacientes] [           main] o.s.b.f.s.DefaultListableBeanFactory     : Creating shared instance of singleton bean 'dataSourceScriptDatabaseInitializer'
2025-01-13T00:05:01.992-03:00 DEBUG 27584 --- [micro-pacientes] [           main] o.s.b.f.s.DefaultListableBeanFactory     : Creating shared instance of singleton bean 'org.springframework.boot.autoconfigure.sql.init.DataSourceInitializationConfiguration'
2025-01-13T00:05:01.994-03:00 DEBUG 27584 --- [micro-pacientes] [           main] o.s.b.f.s.DefaultListableBeanFactory     : Creating shared instance of singleton bean 'dataSource'
2025-01-13T00:05:01.994-03:00 DEBUG 27584 --- [micro-pacientes] [           main] o.s.b.f.s.DefaultListableBeanFactory     : Creating shared instance of singleton bean 'org.springframework.boot.autoconfigure.jdbc.DataSourceConfiguration$Hikari'
2025-01-13T00:05:01.996-03:00 DEBUG 27584 --- [micro-pacientes] [           main] o.s.b.f.s.DefaultListableBeanFactory     : Creating shared instance of singleton bean 'spring.datasource-org.springframework.boot.autoconfigure.jdbc.DataSourceProperties'
2025-01-13T00:05:01.998-03:00 DEBUG 27584 --- [micro-pacientes] [           main] o.s.b.f.s.DefaultListableBeanFactory     : Creating shared instance of singleton bean 'org.springframework.boot.context.properties.BoundConfigurationProperties'
2025-01-13T00:05:02.015-03:00 DEBUG 27584 --- [micro-pacientes] [           main] o.s.b.f.s.DefaultListableBeanFactory     : Creating shared instance of singleton bean 'jdbcConnectionDetails'
2025-01-13T00:05:02.015-03:00 DEBUG 27584 --- [micro-pacientes] [           main] o.s.b.f.s.DefaultListableBeanFactory     : Creating shared instance of singleton bean 'org.springframework.boot.autoconfigure.jdbc.DataSourceAutoConfiguration$PooledDataSourceConfiguration'
2025-01-13T00:05:02.017-03:00 DEBUG 27584 --- [micro-pacientes] [           main] o.s.b.f.s.DefaultListableBeanFactory     : Autowiring by type from bean name 'jdbcConnectionDetails' via factory method to bean named 'spring.datasource-org.springframework.boot.autoconfigure.jdbc.DataSourceProperties'
2025-01-13T00:05:02.019-03:00 DEBUG 27584 --- [micro-pacientes] [           main] o.s.b.f.s.DefaultListableBeanFactory     : Autowiring by type from bean name 'dataSource' via factory method to bean named 'spring.datasource-org.springframework.boot.autoconfigure.jdbc.DataSourceProperties'
2025-01-13T00:05:02.019-03:00 DEBUG 27584 --- [micro-pacientes] [           main] o.s.b.f.s.DefaultListableBeanFactory     : Autowiring by type from bean name 'dataSource' via factory method to bean named 'jdbcConnectionDetails'
2025-01-13T00:05:02.205-03:00 DEBUG 27584 --- [micro-pacientes] [           main] o.s.b.f.s.DefaultListableBeanFactory     : Creating shared instance of singleton bean 'spring.sql.init-org.springframework.boot.autoconfigure.sql.init.SqlInitializationProperties'
2025-01-13T00:05:02.209-03:00 DEBUG 27584 --- [micro-pacientes] [           main] o.s.b.f.s.DefaultListableBeanFactory     : Autowiring by type from bean name 'dataSourceScriptDatabaseInitializer' via factory method to bean named 'dataSource'
2025-01-13T00:05:02.209-03:00 DEBUG 27584 --- [micro-pacientes] [           main] o.s.b.f.s.DefaultListableBeanFactory     : Autowiring by type from bean name 'dataSourceScriptDatabaseInitializer' via factory method to bean named 'spring.sql.init-org.springframework.boot.autoconfigure.sql.init.SqlInitializationProperties'
2025-01-13T00:05:02.218-03:00 DEBUG 27584 --- [micro-pacientes] [           main] o.s.b.f.s.DefaultListableBeanFactory     : Creating shared instance of singleton bean 'entityManagerFactory'
2025-01-13T00:05:02.218-03:00 DEBUG 27584 --- [micro-pacientes] [           main] o.s.b.f.s.DefaultListableBeanFactory     : Creating shared instance of singleton bean 'org.springframework.boot.autoconfigure.orm.jpa.HibernateJpaConfiguration'
2025-01-13T00:05:02.219-03:00 DEBUG 27584 --- [micro-pacientes] [           main] o.s.b.f.s.DefaultListableBeanFactory     : Creating shared instance of singleton bean 'spring.jpa-org.springframework.boot.autoconfigure.orm.jpa.JpaProperties'
2025-01-13T00:05:02.223-03:00 DEBUG 27584 --- [micro-pacientes] [           main] o.s.b.f.s.DefaultListableBeanFactory     : Creating shared instance of singleton bean 'spring.jpa.hibernate-org.springframework.boot.autoconfigure.orm.jpa.HibernateProperties'
2025-01-13T00:05:02.225-03:00 DEBUG 27584 --- [micro-pacientes] [           main] o.s.b.f.s.DefaultListableBeanFactory     : Autowiring by type from bean name 'org.springframework.boot.autoconfigure.orm.jpa.HibernateJpaConfiguration' via constructor to bean named 'dataSource'
2025-01-13T00:05:02.225-03:00 DEBUG 27584 --- [micro-pacientes] [           main] o.s.b.f.s.DefaultListableBeanFactory     : Autowiring by type from bean name 'org.springframework.boot.autoconfigure.orm.jpa.HibernateJpaConfiguration' via constructor to bean named 'spring.jpa-org.springframework.boot.autoconfigure.orm.jpa.JpaProperties'
2025-01-13T00:05:02.226-03:00 DEBUG 27584 --- [micro-pacientes] [           main] o.s.b.f.s.DefaultListableBeanFactory     : Autowiring by type from bean name 'org.springframework.boot.autoconfigure.orm.jpa.HibernateJpaConfiguration' via constructor to bean named 'org.springframework.beans.factory.support.DefaultListableBeanFactory@2189e7a7'
2025-01-13T00:05:02.226-03:00 DEBUG 27584 --- [micro-pacientes] [           main] o.s.b.f.s.DefaultListableBeanFactory     : Autowiring by type from bean name 'org.springframework.boot.autoconfigure.orm.jpa.HibernateJpaConfiguration' via constructor to bean named 'spring.jpa.hibernate-org.springframework.boot.autoconfigure.orm.jpa.HibernateProperties'
2025-01-13T00:05:02.231-03:00 DEBUG 27584 --- [micro-pacientes] [           main] o.s.b.f.s.DefaultListableBeanFactory     : Creating shared instance of singleton bean 'hikariPoolDataSourceMetadataProvider'
2025-01-13T00:05:02.231-03:00 DEBUG 27584 --- [micro-pacientes] [           main] o.s.b.f.s.DefaultListableBeanFactory     : Creating shared instance of singleton bean 'org.springframework.boot.autoconfigure.jdbc.metadata.DataSourcePoolMetadataProvidersConfiguration$HikariPoolDataSourceMetadataProviderConfiguration'
2025-01-13T00:05:02.244-03:00 DEBUG 27584 --- [micro-pacientes] [           main] o.s.b.f.s.DefaultListableBeanFactory     : Creating shared instance of singleton bean 'entityManagerFactoryBuilder'
2025-01-13T00:05:02.245-03:00 DEBUG 27584 --- [micro-pacientes] [           main] o.s.b.f.s.DefaultListableBeanFactory     : Creating shared instance of singleton bean 'jpaVendorAdapter'
2025-01-13T00:05:02.271-03:00 DEBUG 27584 --- [micro-pacientes] [           main] o.s.b.f.s.DefaultListableBeanFactory     : Autowiring by type from bean name 'entityManagerFactoryBuilder' via factory method to bean named 'jpaVendorAdapter'
2025-01-13T00:05:02.284-03:00 DEBUG 27584 --- [micro-pacientes] [           main] o.s.b.f.s.DefaultListableBeanFactory     : Creating shared instance of singleton bean 'persistenceManagedTypes'
2025-01-13T00:05:02.286-03:00 DEBUG 27584 --- [micro-pacientes] [           main] o.s.b.f.s.DefaultListableBeanFactory     : Autowiring by type from bean name 'persistenceManagedTypes' via factory method to bean named 'org.springframework.beans.factory.support.DefaultListableBeanFactory@2189e7a7'
2025-01-13T00:05:02.286-03:00 DEBUG 27584 --- [micro-pacientes] [           main] o.s.b.f.s.DefaultListableBeanFactory     : Autowiring by type from bean name 'persistenceManagedTypes' via factory method to bean named 'org.springframework.web.context.support.GenericWebApplicationContext@251ebf23'
2025-01-13T00:05:02.298-03:00 DEBUG 27584 --- [micro-pacientes] [           main] o.s.b.f.s.DefaultListableBeanFactory     : Autowiring by type from bean name 'entityManagerFactory' via factory method to bean named 'entityManagerFactoryBuilder'
2025-01-13T00:05:02.298-03:00 DEBUG 27584 --- [micro-pacientes] [           main] o.s.b.f.s.DefaultListableBeanFactory     : Autowiring by type from bean name 'entityManagerFactory' via factory method to bean named 'persistenceManagedTypes'
2025-01-13T00:05:02.315-03:00 DEBUG 27584 --- [micro-pacientes] [           main] j.LocalContainerEntityManagerFactoryBean : Building JPA container EntityManagerFactory for persistence unit 'default'
2025-01-13T00:05:02.367-03:00 DEBUG 27584 --- [micro-pacientes] [           main] o.hibernate.jpa.internal.util.LogHelper  : PersistenceUnitInfo [
	name: default
	persistence provider classname: null
	classloader: jdk.internal.loader.ClassLoaders$AppClassLoader@70dea4e
	excludeUnlistedClasses: true
	JTA datasource: null
	Non JTA datasource: HikariDataSource (null)
	Transaction type: RESOURCE_LOCAL
	PU root URL: file:/C:/Users/mar_x/OneDrive/Escritorio/MicroPacientes/micropacientes/target/test-classes/
	Shared Cache Mode: UNSPECIFIED
	Validation Mode: AUTO
	Jar files URLs []
	Managed classes names [
		com.gespaciente.micro_pacientes.model.Alert
		com.gespaciente.micro_pacientes.model.Patient
		com.gespaciente.micro_pacientes.model.VitalSign]
	Mapping files names []
	Properties []
2025-01-13T00:05:02.405-03:00 DEBUG 27584 --- [micro-pacientes] [           main] o.h.i.internal.IntegratorServiceImpl     : Adding Integrator [org.hibernate.boot.beanvalidation.BeanValidationIntegrator].
2025-01-13T00:05:02.406-03:00 DEBUG 27584 --- [micro-pacientes] [           main] o.h.i.internal.IntegratorServiceImpl     : Adding Integrator [org.hibernate.cache.internal.CollectionCacheInvalidator].
2025-01-13T00:05:02.477-03:00  INFO 27584 --- [micro-pacientes] [           main] org.hibernate.Version                    : HHH000412: Hibernate ORM core version 6.6.4.Final
2025-01-13T00:05:02.478-03:00 DEBUG 27584 --- [micro-pacientes] [           main] org.hibernate.cfg.Environment            : HHH000206: 'hibernate.properties' not found
2025-01-13T00:05:02.503-03:00 DEBUG 27584 --- [micro-pacientes] [           main] org.hibernate.orm.idgen.factory          : Registering IdentifierGenerator strategy [uuid2] -> [org.hibernate.id.UUIDGenerator]
2025-01-13T00:05:02.503-03:00 DEBUG 27584 --- [micro-pacientes] [           main] org.hibernate.orm.idgen.factory          : Registering IdentifierGenerator strategy [guid] -> [org.hibernate.id.GUIDGenerator]
2025-01-13T00:05:02.504-03:00 DEBUG 27584 --- [micro-pacientes] [           main] org.hibernate.orm.idgen.factory          : Registering IdentifierGenerator strategy [uuid] -> [org.hibernate.id.UUIDHexGenerator]
2025-01-13T00:05:02.504-03:00 DEBUG 27584 --- [micro-pacientes] [           main] org.hibernate.orm.idgen.factory          : Registering IdentifierGenerator strategy [uuid.hex] -> [org.hibernate.id.UUIDHexGenerator]
2025-01-13T00:05:02.504-03:00 DEBUG 27584 --- [micro-pacientes] [           main] org.hibernate.orm.idgen.factory          : Registering IdentifierGenerator strategy [assigned] -> [org.hibernate.id.Assigned]
2025-01-13T00:05:02.505-03:00 DEBUG 27584 --- [micro-pacientes] [           main] org.hibernate.orm.idgen.factory          : Registering IdentifierGenerator strategy [identity] -> [org.hibernate.id.IdentityGenerator]
2025-01-13T00:05:02.505-03:00 DEBUG 27584 --- [micro-pacientes] [           main] org.hibernate.orm.idgen.factory          : Registering IdentifierGenerator strategy [select] -> [org.hibernate.id.SelectGenerator]
2025-01-13T00:05:02.506-03:00 DEBUG 27584 --- [micro-pacientes] [           main] org.hibernate.orm.idgen.factory          : Registering IdentifierGenerator strategy [sequence] -> [org.hibernate.id.enhanced.SequenceStyleGenerator]
2025-01-13T00:05:02.507-03:00 DEBUG 27584 --- [micro-pacientes] [           main] org.hibernate.orm.idgen.factory          : Registering IdentifierGenerator strategy [increment] -> [org.hibernate.id.IncrementGenerator]
2025-01-13T00:05:02.507-03:00 DEBUG 27584 --- [micro-pacientes] [           main] org.hibernate.orm.idgen.factory          : Registering IdentifierGenerator strategy [foreign] -> [org.hibernate.id.ForeignGenerator]
2025-01-13T00:05:02.507-03:00 DEBUG 27584 --- [micro-pacientes] [           main] org.hibernate.orm.idgen.factory          : Registering IdentifierGenerator strategy [enhanced-sequence] -> [org.hibernate.id.enhanced.SequenceStyleGenerator]
2025-01-13T00:05:02.508-03:00 DEBUG 27584 --- [micro-pacientes] [           main] org.hibernate.orm.idgen.factory          : Registering IdentifierGenerator strategy [enhanced-table] -> [org.hibernate.id.enhanced.TableGenerator]
2025-01-13T00:05:02.514-03:00 DEBUG 27584 --- [micro-pacientes] [           main] o.h.c.internal.RegionFactoryInitiator    : Cannot default RegionFactory based on registered strategies as `[]` RegionFactory strategies were registered
2025-01-13T00:05:02.515-03:00  INFO 27584 --- [micro-pacientes] [           main] o.h.c.internal.RegionFactoryInitiator    : HHH000026: Second-level cache disabled
2025-01-13T00:05:02.608-03:00 DEBUG 27584 --- [micro-pacientes] [           main] org.hibernate.type.BasicTypeRegistry     : Adding type registration boolean -> org.hibernate.type.BasicTypeReference@24a8e40d
2025-01-13T00:05:02.608-03:00 DEBUG 27584 --- [micro-pacientes] [           main] org.hibernate.type.BasicTypeRegistry     : Adding type registration boolean -> org.hibernate.type.BasicTypeReference@24a8e40d
2025-01-13T00:05:02.608-03:00 DEBUG 27584 --- [micro-pacientes] [           main] org.hibernate.type.BasicTypeRegistry     : Adding type registration java.lang.Boolean -> org.hibernate.type.BasicTypeReference@24a8e40d
2025-01-13T00:05:02.608-03:00 DEBUG 27584 --- [micro-pacientes] [           main] org.hibernate.type.BasicTypeRegistry     : Adding type registration numeric_boolean -> org.hibernate.type.BasicTypeReference@175f859e
2025-01-13T00:05:02.608-03:00 DEBUG 27584 --- [micro-pacientes] [           main] org.hibernate.type.BasicTypeRegistry     : Adding type registration org.hibernate.type.NumericBooleanConverter -> org.hibernate.type.BasicTypeReference@175f859e
2025-01-13T00:05:02.608-03:00 DEBUG 27584 --- [micro-pacientes] [           main] org.hibernate.type.BasicTypeRegistry     : Adding type registration true_false -> org.hibernate.type.BasicTypeReference@69fe7090
2025-01-13T00:05:02.608-03:00 DEBUG 27584 --- [micro-pacientes] [           main] org.hibernate.type.BasicTypeRegistry     : Adding type registration org.hibernate.type.TrueFalseConverter -> org.hibernate.type.BasicTypeReference@69fe7090
2025-01-13T00:05:02.608-03:00 DEBUG 27584 --- [micro-pacientes] [           main] org.hibernate.type.BasicTypeRegistry     : Adding type registration yes_no -> org.hibernate.type.BasicTypeReference@6501b105
2025-01-13T00:05:02.608-03:00 DEBUG 27584 --- [micro-pacientes] [           main] org.hibernate.type.BasicTypeRegistry     : Adding type registration org.hibernate.type.YesNoConverter -> org.hibernate.type.BasicTypeReference@6501b105
2025-01-13T00:05:02.609-03:00 DEBUG 27584 --- [micro-pacientes] [           main] org.hibernate.type.BasicTypeRegistry     : Adding type registration byte -> org.hibernate.type.BasicTypeReference@66ab924
2025-01-13T00:05:02.609-03:00 DEBUG 27584 --- [micro-pacientes] [           main] org.hibernate.type.BasicTypeRegistry     : Adding type registration byte -> org.hibernate.type.BasicTypeReference@66ab924
2025-01-13T00:05:02.609-03:00 DEBUG 27584 --- [micro-pacientes] [           main] org.hibernate.type.BasicTypeRegistry     : Adding type registration java.lang.Byte -> org.hibernate.type.BasicTypeReference@66ab924
2025-01-13T00:05:02.609-03:00 DEBUG 27584 --- [micro-pacientes] [           main] org.hibernate.type.BasicTypeRegistry     : Adding type registration binary -> org.hibernate.type.BasicTypeReference@6df2af02
2025-01-13T00:05:02.609-03:00 DEBUG 27584 --- [micro-pacientes] [           main] org.hibernate.type.BasicTypeRegistry     : Adding type registration byte[] -> org.hibernate.type.BasicTypeReference@6df2af02
2025-01-13T00:05:02.609-03:00 DEBUG 27584 --- [micro-pacientes] [           main] org.hibernate.type.BasicTypeRegistry     : Adding type registration [B -> org.hibernate.type.BasicTypeReference@6df2af02
2025-01-13T00:05:02.609-03:00 DEBUG 27584 --- [micro-pacientes] [           main] org.hibernate.type.BasicTypeRegistry     : Adding type registration binary_wrapper -> org.hibernate.type.BasicTypeReference@779228dc
2025-01-13T00:05:02.609-03:00 DEBUG 27584 --- [micro-pacientes] [           main] org.hibernate.type.BasicTypeRegistry     : Adding type registration wrapper-binary -> org.hibernate.type.BasicTypeReference@779228dc
2025-01-13T00:05:02.609-03:00 DEBUG 27584 --- [micro-pacientes] [           main] org.hibernate.type.BasicTypeRegistry     : Adding type registration image -> org.hibernate.type.BasicTypeReference@1f7336b2
2025-01-13T00:05:02.609-03:00 DEBUG 27584 --- [micro-pacientes] [           main] org.hibernate.type.BasicTypeRegistry     : Adding type registration blob -> org.hibernate.type.BasicTypeReference@4c030fe1
2025-01-13T00:05:02.609-03:00 DEBUG 27584 --- [micro-pacientes] [           main] org.hibernate.type.BasicTypeRegistry     : Adding type registration java.sql.Blob -> org.hibernate.type.BasicTypeReference@4c030fe1
2025-01-13T00:05:02.609-03:00 DEBUG 27584 --- [micro-pacientes] [           main] org.hibernate.type.BasicTypeRegistry     : Adding type registration materialized_blob -> org.hibernate.type.BasicTypeReference@347123dc
2025-01-13T00:05:02.609-03:00 DEBUG 27584 --- [micro-pacientes] [           main] org.hibernate.type.BasicTypeRegistry     : Adding type registration materialized_blob_wrapper -> org.hibernate.type.BasicTypeReference@52433946
2025-01-13T00:05:02.609-03:00 DEBUG 27584 --- [micro-pacientes] [           main] org.hibernate.type.BasicTypeRegistry     : Adding type registration short -> org.hibernate.type.BasicTypeReference@5403431a
2025-01-13T00:05:02.609-03:00 DEBUG 27584 --- [micro-pacientes] [           main] org.hibernate.type.BasicTypeRegistry     : Adding type registration short -> org.hibernate.type.BasicTypeReference@5403431a
2025-01-13T00:05:02.610-03:00 DEBUG 27584 --- [micro-pacientes] [           main] org.hibernate.type.BasicTypeRegistry     : Adding type registration java.lang.Short -> org.hibernate.type.BasicTypeReference@5403431a
2025-01-13T00:05:02.610-03:00 DEBUG 27584 --- [micro-pacientes] [           main] org.hibernate.type.BasicTypeRegistry     : Adding type registration integer -> org.hibernate.type.BasicTypeReference@ab327c
2025-01-13T00:05:02.610-03:00 DEBUG 27584 --- [micro-pacientes] [           main] org.hibernate.type.BasicTypeRegistry     : Adding type registration int -> org.hibernate.type.BasicTypeReference@ab327c
2025-01-13T00:05:02.610-03:00 DEBUG 27584 --- [micro-pacientes] [           main] org.hibernate.type.BasicTypeRegistry     : Adding type registration java.lang.Integer -> org.hibernate.type.BasicTypeReference@ab327c
2025-01-13T00:05:02.610-03:00 DEBUG 27584 --- [micro-pacientes] [           main] org.hibernate.type.BasicTypeRegistry     : Adding type registration long -> org.hibernate.type.BasicTypeReference@3d798e76
2025-01-13T00:05:02.610-03:00 DEBUG 27584 --- [micro-pacientes] [           main] org.hibernate.type.BasicTypeRegistry     : Adding type registration long -> org.hibernate.type.BasicTypeReference@3d798e76
2025-01-13T00:05:02.610-03:00 DEBUG 27584 --- [micro-pacientes] [           main] org.hibernate.type.BasicTypeRegistry     : Adding type registration java.lang.Long -> org.hibernate.type.BasicTypeReference@3d798e76
2025-01-13T00:05:02.610-03:00 DEBUG 27584 --- [micro-pacientes] [           main] org.hibernate.type.BasicTypeRegistry     : Adding type registration float -> org.hibernate.type.BasicTypeReference@763b0996
2025-01-13T00:05:02.610-03:00 DEBUG 27584 --- [micro-pacientes] [           main] org.hibernate.type.BasicTypeRegistry     : Adding type registration float -> org.hibernate.type.BasicTypeReference@763b0996
2025-01-13T00:05:02.610-03:00 DEBUG 27584 --- [micro-pacientes] [           main] org.hibernate.type.BasicTypeRegistry     : Adding type registration java.lang.Float -> org.hibernate.type.BasicTypeReference@763b0996
2025-01-13T00:05:02.610-03:00 DEBUG 27584 --- [micro-pacientes] [           main] org.hibernate.type.BasicTypeRegistry     : Adding type registration double -> org.hibernate.type.BasicTypeReference@386e9fd8
2025-01-13T00:05:02.610-03:00 DEBUG 27584 --- [micro-pacientes] [           main] org.hibernate.type.BasicTypeRegistry     : Adding type registration double -> org.hibernate.type.BasicTypeReference@386e9fd8
2025-01-13T00:05:02.610-03:00 DEBUG 27584 --- [micro-pacientes] [           main] org.hibernate.type.BasicTypeRegistry     : Adding type registration java.lang.Double -> org.hibernate.type.BasicTypeReference@386e9fd8
2025-01-13T00:05:02.610-03:00 DEBUG 27584 --- [micro-pacientes] [           main] org.hibernate.type.BasicTypeRegistry     : Adding type registration big_integer -> org.hibernate.type.BasicTypeReference@618f627b
2025-01-13T00:05:02.610-03:00 DEBUG 27584 --- [micro-pacientes] [           main] org.hibernate.type.BasicTypeRegistry     : Adding type registration java.math.BigInteger -> org.hibernate.type.BasicTypeReference@618f627b
2025-01-13T00:05:02.610-03:00 DEBUG 27584 --- [micro-pacientes] [           main] org.hibernate.type.BasicTypeRegistry     : Adding type registration big_decimal -> org.hibernate.type.BasicTypeReference@10745a02
2025-01-13T00:05:02.610-03:00 DEBUG 27584 --- [micro-pacientes] [           main] org.hibernate.type.BasicTypeRegistry     : Adding type registration java.math.BigDecimal -> org.hibernate.type.BasicTypeReference@10745a02
2025-01-13T00:05:02.610-03:00 DEBUG 27584 --- [micro-pacientes] [           main] org.hibernate.type.BasicTypeRegistry     : Adding type registration character -> org.hibernate.type.BasicTypeReference@3e2d8623
2025-01-13T00:05:02.611-03:00 DEBUG 27584 --- [micro-pacientes] [           main] org.hibernate.type.BasicTypeRegistry     : Adding type registration char -> org.hibernate.type.BasicTypeReference@3e2d8623
2025-01-13T00:05:02.611-03:00 DEBUG 27584 --- [micro-pacientes] [           main] org.hibernate.type.BasicTypeRegistry     : Adding type registration java.lang.Character -> org.hibernate.type.BasicTypeReference@3e2d8623
2025-01-13T00:05:02.611-03:00 DEBUG 27584 --- [micro-pacientes] [           main] org.hibernate.type.BasicTypeRegistry     : Adding type registration character_nchar -> org.hibernate.type.BasicTypeReference@72715e61
2025-01-13T00:05:02.611-03:00 DEBUG 27584 --- [micro-pacientes] [           main] org.hibernate.type.BasicTypeRegistry     : Adding type registration string -> org.hibernate.type.BasicTypeReference@68f776ee
2025-01-13T00:05:02.611-03:00 DEBUG 27584 --- [micro-pacientes] [           main] org.hibernate.type.BasicTypeRegistry     : Adding type registration java.lang.String -> org.hibernate.type.BasicTypeReference@68f776ee
2025-01-13T00:05:02.611-03:00 DEBUG 27584 --- [micro-pacientes] [           main] org.hibernate.type.BasicTypeRegistry     : Adding type registration nstring -> org.hibernate.type.BasicTypeReference@5a6195b8
2025-01-13T00:05:02.611-03:00 DEBUG 27584 --- [micro-pacientes] [           main] org.hibernate.type.BasicTypeRegistry     : Adding type registration characters -> org.hibernate.type.BasicTypeReference@8af1c49
2025-01-13T00:05:02.611-03:00 DEBUG 27584 --- [micro-pacientes] [           main] org.hibernate.type.BasicTypeRegistry     : Adding type registration char[] -> org.hibernate.type.BasicTypeReference@8af1c49
2025-01-13T00:05:02.611-03:00 DEBUG 27584 --- [micro-pacientes] [           main] org.hibernate.type.BasicTypeRegistry     : Adding type registration [C -> org.hibernate.type.BasicTypeReference@8af1c49
2025-01-13T00:05:02.611-03:00 DEBUG 27584 --- [micro-pacientes] [           main] org.hibernate.type.BasicTypeRegistry     : Adding type registration wrapper-characters -> org.hibernate.type.BasicTypeReference@70d5d96b
2025-01-13T00:05:02.611-03:00 DEBUG 27584 --- [micro-pacientes] [           main] org.hibernate.type.BasicTypeRegistry     : Adding type registration text -> org.hibernate.type.BasicTypeReference@23469199
2025-01-13T00:05:02.611-03:00 DEBUG 27584 --- [micro-pacientes] [           main] org.hibernate.type.BasicTypeRegistry     : Adding type registration ntext -> org.hibernate.type.BasicTypeReference@75dc1c1c
2025-01-13T00:05:02.611-03:00 DEBUG 27584 --- [micro-pacientes] [           main] org.hibernate.type.BasicTypeRegistry     : Adding type registration clob -> org.hibernate.type.BasicTypeReference@5611bba
2025-01-13T00:05:02.611-03:00 DEBUG 27584 --- [micro-pacientes] [           main] org.hibernate.type.BasicTypeRegistry     : Adding type registration java.sql.Clob -> org.hibernate.type.BasicTypeReference@5611bba
2025-01-13T00:05:02.611-03:00 DEBUG 27584 --- [micro-pacientes] [           main] org.hibernate.type.BasicTypeRegistry     : Adding type registration nclob -> org.hibernate.type.BasicTypeReference@5ba184fc
2025-01-13T00:05:02.611-03:00 DEBUG 27584 --- [micro-pacientes] [           main] org.hibernate.type.BasicTypeRegistry     : Adding type registration java.sql.NClob -> org.hibernate.type.BasicTypeReference@5ba184fc
2025-01-13T00:05:02.611-03:00 DEBUG 27584 --- [micro-pacientes] [           main] org.hibernate.type.BasicTypeRegistry     : Adding type registration materialized_clob -> org.hibernate.type.BasicTypeReference@4cfc0c48
2025-01-13T00:05:02.611-03:00 DEBUG 27584 --- [micro-pacientes] [           main] org.hibernate.type.BasicTypeRegistry     : Adding type registration materialized_clob_char_array -> org.hibernate.type.BasicTypeReference@59d5c537
2025-01-13T00:05:02.612-03:00 DEBUG 27584 --- [micro-pacientes] [           main] org.hibernate.type.BasicTypeRegistry     : Adding type registration materialized_clob_character_array -> org.hibernate.type.BasicTypeReference@5464b97c
2025-01-13T00:05:02.612-03:00 DEBUG 27584 --- [micro-pacientes] [           main] org.hibernate.type.BasicTypeRegistry     : Adding type registration materialized_nclob -> org.hibernate.type.BasicTypeReference@3355168
2025-01-13T00:05:02.612-03:00 DEBUG 27584 --- [micro-pacientes] [           main] org.hibernate.type.BasicTypeRegistry     : Adding type registration materialized_nclob_character_array -> org.hibernate.type.BasicTypeReference@2f07930a
2025-01-13T00:05:02.612-03:00 DEBUG 27584 --- [micro-pacientes] [           main] org.hibernate.type.BasicTypeRegistry     : Adding type registration materialized_nclob_char_array -> org.hibernate.type.BasicTypeReference@580c17a0
2025-01-13T00:05:02.612-03:00 DEBUG 27584 --- [micro-pacientes] [           main] org.hibernate.type.BasicTypeRegistry     : Adding type registration Duration -> org.hibernate.type.BasicTypeReference@29d2fa84
2025-01-13T00:05:02.612-03:00 DEBUG 27584 --- [micro-pacientes] [           main] org.hibernate.type.BasicTypeRegistry     : Adding type registration java.time.Duration -> org.hibernate.type.BasicTypeReference@29d2fa84
2025-01-13T00:05:02.612-03:00 DEBUG 27584 --- [micro-pacientes] [           main] org.hibernate.type.BasicTypeRegistry     : Adding type registration LocalDateTime -> org.hibernate.type.BasicTypeReference@4540c7
2025-01-13T00:05:02.612-03:00 DEBUG 27584 --- [micro-pacientes] [           main] org.hibernate.type.BasicTypeRegistry     : Adding type registration java.time.LocalDateTime -> org.hibernate.type.BasicTypeReference@4540c7
2025-01-13T00:05:02.612-03:00 DEBUG 27584 --- [micro-pacientes] [           main] org.hibernate.type.BasicTypeRegistry     : Adding type registration LocalDate -> org.hibernate.type.BasicTypeReference@13c90c06
2025-01-13T00:05:02.612-03:00 DEBUG 27584 --- [micro-pacientes] [           main] org.hibernate.type.BasicTypeRegistry     : Adding type registration java.time.LocalDate -> org.hibernate.type.BasicTypeReference@13c90c06
2025-01-13T00:05:02.612-03:00 DEBUG 27584 --- [micro-pacientes] [           main] org.hibernate.type.BasicTypeRegistry     : Adding type registration LocalTime -> org.hibernate.type.BasicTypeReference@2bc0b8c8
2025-01-13T00:05:02.612-03:00 DEBUG 27584 --- [micro-pacientes] [           main] org.hibernate.type.BasicTypeRegistry     : Adding type registration java.time.LocalTime -> org.hibernate.type.BasicTypeReference@2bc0b8c8
2025-01-13T00:05:02.612-03:00 DEBUG 27584 --- [micro-pacientes] [           main] org.hibernate.type.BasicTypeRegistry     : Adding type registration OffsetDateTime -> org.hibernate.type.BasicTypeReference@15f861ee
2025-01-13T00:05:02.612-03:00 DEBUG 27584 --- [micro-pacientes] [           main] org.hibernate.type.BasicTypeRegistry     : Adding type registration java.time.OffsetDateTime -> org.hibernate.type.BasicTypeReference@15f861ee
2025-01-13T00:05:02.613-03:00 DEBUG 27584 --- [micro-pacientes] [           main] org.hibernate.type.BasicTypeRegistry     : Adding type registration OffsetDateTimeWithTimezone -> org.hibernate.type.BasicTypeReference@3f1158ee
2025-01-13T00:05:02.613-03:00 DEBUG 27584 --- [micro-pacientes] [           main] org.hibernate.type.BasicTypeRegistry     : Adding type registration OffsetDateTimeWithoutTimezone -> org.hibernate.type.BasicTypeReference@6463da36
2025-01-13T00:05:02.613-03:00 DEBUG 27584 --- [micro-pacientes] [           main] org.hibernate.type.BasicTypeRegistry     : Adding type registration OffsetTime -> org.hibernate.type.BasicTypeReference@4a4b288a
2025-01-13T00:05:02.613-03:00 DEBUG 27584 --- [micro-pacientes] [           main] org.hibernate.type.BasicTypeRegistry     : Adding type registration java.time.OffsetTime -> org.hibernate.type.BasicTypeReference@4a4b288a
2025-01-13T00:05:02.613-03:00 DEBUG 27584 --- [micro-pacientes] [           main] org.hibernate.type.BasicTypeRegistry     : Adding type registration OffsetTimeUtc -> org.hibernate.type.BasicTypeReference@1c6ac73c
2025-01-13T00:05:02.613-03:00 DEBUG 27584 --- [micro-pacientes] [           main] org.hibernate.type.BasicTypeRegistry     : Adding type registration OffsetTimeWithTimezone -> org.hibernate.type.BasicTypeReference@29892a77
2025-01-13T00:05:02.613-03:00 DEBUG 27584 --- [micro-pacientes] [           main] org.hibernate.type.BasicTypeRegistry     : Adding type registration OffsetTimeWithoutTimezone -> org.hibernate.type.BasicTypeReference@5341e71a
2025-01-13T00:05:02.613-03:00 DEBUG 27584 --- [micro-pacientes] [           main] org.hibernate.type.BasicTypeRegistry     : Adding type registration ZonedDateTime -> org.hibernate.type.BasicTypeReference@405d8a80
2025-01-13T00:05:02.613-03:00 DEBUG 27584 --- [micro-pacientes] [           main] org.hibernate.type.BasicTypeRegistry     : Adding type registration java.time.ZonedDateTime -> org.hibernate.type.BasicTypeReference@405d8a80
2025-01-13T00:05:02.613-03:00 DEBUG 27584 --- [micro-pacientes] [           main] org.hibernate.type.BasicTypeRegistry     : Adding type registration ZonedDateTimeWithTimezone -> org.hibernate.type.BasicTypeReference@ac4e690
2025-01-13T00:05:02.613-03:00 DEBUG 27584 --- [micro-pacientes] [           main] org.hibernate.type.BasicTypeRegistry     : Adding type registration ZonedDateTimeWithoutTimezone -> org.hibernate.type.BasicTypeReference@6afeaf2d
2025-01-13T00:05:02.613-03:00 DEBUG 27584 --- [micro-pacientes] [           main] org.hibernate.type.BasicTypeRegistry     : Adding type registration date -> org.hibernate.type.BasicTypeReference@365bfc5f
2025-01-13T00:05:02.613-03:00 DEBUG 27584 --- [micro-pacientes] [           main] org.hibernate.type.BasicTypeRegistry     : Adding type registration java.sql.Date -> org.hibernate.type.BasicTypeReference@365bfc5f
2025-01-13T00:05:02.613-03:00 DEBUG 27584 --- [micro-pacientes] [           main] org.hibernate.type.BasicTypeRegistry     : Adding type registration time -> org.hibernate.type.BasicTypeReference@1a7e799e
2025-01-13T00:05:02.614-03:00 DEBUG 27584 --- [micro-pacientes] [           main] org.hibernate.type.BasicTypeRegistry     : Adding type registration java.sql.Time -> org.hibernate.type.BasicTypeReference@1a7e799e
2025-01-13T00:05:02.614-03:00 DEBUG 27584 --- [micro-pacientes] [           main] org.hibernate.type.BasicTypeRegistry     : Adding type registration timestamp -> org.hibernate.type.BasicTypeReference@37a3ec27
2025-01-13T00:05:02.614-03:00 DEBUG 27584 --- [micro-pacientes] [           main] org.hibernate.type.BasicTypeRegistry     : Adding type registration java.sql.Timestamp -> org.hibernate.type.BasicTypeReference@37a3ec27
2025-01-13T00:05:02.614-03:00 DEBUG 27584 --- [micro-pacientes] [           main] org.hibernate.type.BasicTypeRegistry     : Adding type registration java.util.Date -> org.hibernate.type.BasicTypeReference@37a3ec27
2025-01-13T00:05:02.614-03:00 DEBUG 27584 --- [micro-pacientes] [           main] org.hibernate.type.BasicTypeRegistry     : Adding type registration calendar -> org.hibernate.type.BasicTypeReference@283baa39
2025-01-13T00:05:02.614-03:00 DEBUG 27584 --- [micro-pacientes] [           main] org.hibernate.type.BasicTypeRegistry     : Adding type registration java.util.Calendar -> org.hibernate.type.BasicTypeReference@283baa39
2025-01-13T00:05:02.614-03:00 DEBUG 27584 --- [micro-pacientes] [           main] org.hibernate.type.BasicTypeRegistry     : Adding type registration java.util.GregorianCalendar -> org.hibernate.type.BasicTypeReference@283baa39
2025-01-13T00:05:02.614-03:00 DEBUG 27584 --- [micro-pacientes] [           main] org.hibernate.type.BasicTypeRegistry     : Adding type registration calendar_date -> org.hibernate.type.BasicTypeReference@416b1265
2025-01-13T00:05:02.614-03:00 DEBUG 27584 --- [micro-pacientes] [           main] org.hibernate.type.BasicTypeRegistry     : Adding type registration calendar_time -> org.hibernate.type.BasicTypeReference@2830315f
2025-01-13T00:05:02.614-03:00 DEBUG 27584 --- [micro-pacientes] [           main] org.hibernate.type.BasicTypeRegistry     : Adding type registration instant -> org.hibernate.type.BasicTypeReference@da22aa
2025-01-13T00:05:02.614-03:00 DEBUG 27584 --- [micro-pacientes] [           main] org.hibernate.type.BasicTypeRegistry     : Adding type registration java.time.Instant -> org.hibernate.type.BasicTypeReference@da22aa
2025-01-13T00:05:02.614-03:00 DEBUG 27584 --- [micro-pacientes] [           main] org.hibernate.type.BasicTypeRegistry     : Adding type registration uuid -> org.hibernate.type.BasicTypeReference@75452aea
2025-01-13T00:05:02.614-03:00 DEBUG 27584 --- [micro-pacientes] [           main] org.hibernate.type.BasicTypeRegistry     : Adding type registration java.util.UUID -> org.hibernate.type.BasicTypeReference@75452aea
2025-01-13T00:05:02.614-03:00 DEBUG 27584 --- [micro-pacientes] [           main] org.hibernate.type.BasicTypeRegistry     : Adding type registration pg-uuid -> org.hibernate.type.BasicTypeReference@75452aea
2025-01-13T00:05:02.614-03:00 DEBUG 27584 --- [micro-pacientes] [           main] org.hibernate.type.BasicTypeRegistry     : Adding type registration uuid-binary -> org.hibernate.type.BasicTypeReference@6c24f61d
2025-01-13T00:05:02.614-03:00 DEBUG 27584 --- [micro-pacientes] [           main] org.hibernate.type.BasicTypeRegistry     : Adding type registration uuid-char -> org.hibernate.type.BasicTypeReference@4537880f
2025-01-13T00:05:02.614-03:00 DEBUG 27584 --- [micro-pacientes] [           main] org.hibernate.type.BasicTypeRegistry     : Adding type registration class -> org.hibernate.type.BasicTypeReference@14292d71
2025-01-13T00:05:02.614-03:00 DEBUG 27584 --- [micro-pacientes] [           main] org.hibernate.type.BasicTypeRegistry     : Adding type registration java.lang.Class -> org.hibernate.type.BasicTypeReference@14292d71
2025-01-13T00:05:02.615-03:00 DEBUG 27584 --- [micro-pacientes] [           main] org.hibernate.type.BasicTypeRegistry     : Adding type registration currency -> org.hibernate.type.BasicTypeReference@48e74764
2025-01-13T00:05:02.615-03:00 DEBUG 27584 --- [micro-pacientes] [           main] org.hibernate.type.BasicTypeRegistry     : Adding type registration Currency -> org.hibernate.type.BasicTypeReference@48e74764
2025-01-13T00:05:02.615-03:00 DEBUG 27584 --- [micro-pacientes] [           main] org.hibernate.type.BasicTypeRegistry     : Adding type registration java.util.Currency -> org.hibernate.type.BasicTypeReference@48e74764
2025-01-13T00:05:02.615-03:00 DEBUG 27584 --- [micro-pacientes] [           main] org.hibernate.type.BasicTypeRegistry     : Adding type registration locale -> org.hibernate.type.BasicTypeReference@7a3643e3
2025-01-13T00:05:02.615-03:00 DEBUG 27584 --- [micro-pacientes] [           main] org.hibernate.type.BasicTypeRegistry     : Adding type registration java.util.Locale -> org.hibernate.type.BasicTypeReference@7a3643e3
2025-01-13T00:05:02.615-03:00 DEBUG 27584 --- [micro-pacientes] [           main] org.hibernate.type.BasicTypeRegistry     : Adding type registration serializable -> org.hibernate.type.BasicTypeReference@2729bb71
2025-01-13T00:05:02.615-03:00 DEBUG 27584 --- [micro-pacientes] [           main] org.hibernate.type.BasicTypeRegistry     : Adding type registration java.io.Serializable -> org.hibernate.type.BasicTypeReference@2729bb71
2025-01-13T00:05:02.615-03:00 DEBUG 27584 --- [micro-pacientes] [           main] org.hibernate.type.BasicTypeRegistry     : Adding type registration timezone -> org.hibernate.type.BasicTypeReference@55071497
2025-01-13T00:05:02.616-03:00 DEBUG 27584 --- [micro-pacientes] [           main] org.hibernate.type.BasicTypeRegistry     : Adding type registration java.util.TimeZone -> org.hibernate.type.BasicTypeReference@55071497
2025-01-13T00:05:02.616-03:00 DEBUG 27584 --- [micro-pacientes] [           main] org.hibernate.type.BasicTypeRegistry     : Adding type registration ZoneOffset -> org.hibernate.type.BasicTypeReference@10d98940
2025-01-13T00:05:02.616-03:00 DEBUG 27584 --- [micro-pacientes] [           main] org.hibernate.type.BasicTypeRegistry     : Adding type registration java.time.ZoneOffset -> org.hibernate.type.BasicTypeReference@10d98940
2025-01-13T00:05:02.616-03:00 DEBUG 27584 --- [micro-pacientes] [           main] org.hibernate.type.BasicTypeRegistry     : Adding type registration url -> org.hibernate.type.BasicTypeReference@58b8f9e3
2025-01-13T00:05:02.616-03:00 DEBUG 27584 --- [micro-pacientes] [           main] org.hibernate.type.BasicTypeRegistry     : Adding type registration java.net.URL -> org.hibernate.type.BasicTypeReference@58b8f9e3
2025-01-13T00:05:02.616-03:00 DEBUG 27584 --- [micro-pacientes] [           main] org.hibernate.type.BasicTypeRegistry     : Adding type registration vector -> org.hibernate.type.BasicTypeReference@32a033b6
2025-01-13T00:05:02.616-03:00 DEBUG 27584 --- [micro-pacientes] [           main] org.hibernate.type.BasicTypeRegistry     : Adding type registration float_vector -> org.hibernate.type.BasicTypeReference@5f6e2ad9
2025-01-13T00:05:02.616-03:00 DEBUG 27584 --- [micro-pacientes] [           main] org.hibernate.type.BasicTypeRegistry     : Adding type registration double_vector -> org.hibernate.type.BasicTypeReference@3212bfd
2025-01-13T00:05:02.616-03:00 DEBUG 27584 --- [micro-pacientes] [           main] org.hibernate.type.BasicTypeRegistry     : Adding type registration byte_vector -> org.hibernate.type.BasicTypeReference@1cc9bd9b
2025-01-13T00:05:02.616-03:00 DEBUG 27584 --- [micro-pacientes] [           main] org.hibernate.type.BasicTypeRegistry     : Adding type registration row_version -> org.hibernate.type.BasicTypeReference@2f471037
2025-01-13T00:05:02.625-03:00 DEBUG 27584 --- [micro-pacientes] [           main] org.hibernate.type.BasicTypeRegistry     : Adding type registration object -> org.hibernate.type.JavaObjectType@305e95a4
2025-01-13T00:05:02.625-03:00 DEBUG 27584 --- [micro-pacientes] [           main] org.hibernate.type.BasicTypeRegistry     : Adding type registration java.lang.Object -> org.hibernate.type.JavaObjectType@305e95a4
2025-01-13T00:05:02.627-03:00 DEBUG 27584 --- [micro-pacientes] [           main] org.hibernate.type.BasicTypeRegistry     : Adding type registration null -> org.hibernate.type.NullType@6728370a
2025-01-13T00:05:02.627-03:00 DEBUG 27584 --- [micro-pacientes] [           main] org.hibernate.type.BasicTypeRegistry     : Adding type registration imm_date -> org.hibernate.type.BasicTypeReference@2b5f8e61
2025-01-13T00:05:02.627-03:00 DEBUG 27584 --- [micro-pacientes] [           main] org.hibernate.type.BasicTypeRegistry     : Adding type registration imm_time -> org.hibernate.type.BasicTypeReference@6ba0ee4a
2025-01-13T00:05:02.627-03:00 DEBUG 27584 --- [micro-pacientes] [           main] org.hibernate.type.BasicTypeRegistry     : Adding type registration imm_timestamp -> org.hibernate.type.BasicTypeReference@73b0ed03
2025-01-13T00:05:02.627-03:00 DEBUG 27584 --- [micro-pacientes] [           main] org.hibernate.type.BasicTypeRegistry     : Adding type registration imm_calendar -> org.hibernate.type.BasicTypeReference@55061418
2025-01-13T00:05:02.627-03:00 DEBUG 27584 --- [micro-pacientes] [           main] org.hibernate.type.BasicTypeRegistry     : Adding type registration imm_calendar_date -> org.hibernate.type.BasicTypeReference@27db45f
2025-01-13T00:05:02.627-03:00 DEBUG 27584 --- [micro-pacientes] [           main] org.hibernate.type.BasicTypeRegistry     : Adding type registration imm_calendar_time -> org.hibernate.type.BasicTypeReference@6ec3d8e4
2025-01-13T00:05:02.628-03:00 DEBUG 27584 --- [micro-pacientes] [           main] org.hibernate.type.BasicTypeRegistry     : Adding type registration imm_binary -> org.hibernate.type.BasicTypeReference@1aeff8ca
2025-01-13T00:05:02.628-03:00 DEBUG 27584 --- [micro-pacientes] [           main] org.hibernate.type.BasicTypeRegistry     : Adding type registration imm_serializable -> org.hibernate.type.BasicTypeReference@7f2c995b
2025-01-13T00:05:02.632-03:00 DEBUG 27584 --- [micro-pacientes] [           main] o.h.boot.internal.BootstrapContextImpl   : Injecting JPA temp ClassLoader [org.springframework.instrument.classloading.SimpleThrowawayClassLoader@70c56434] into BootstrapContext; was [null]
2025-01-13T00:05:02.633-03:00 DEBUG 27584 --- [micro-pacientes] [           main] o.h.boot.internal.ClassLoaderAccessImpl  : ClassLoaderAccessImpl#injectTempClassLoader(org.springframework.instrument.classloading.SimpleThrowawayClassLoader@70c56434) [was null]
2025-01-13T00:05:02.633-03:00 DEBUG 27584 --- [micro-pacientes] [           main] o.h.boot.internal.BootstrapContextImpl   : Injecting ScanEnvironment [org.hibernate.jpa.boot.internal.StandardJpaScanEnvironmentImpl@2d801d8] into BootstrapContext; was [null]
2025-01-13T00:05:02.633-03:00 DEBUG 27584 --- [micro-pacientes] [           main] o.h.boot.internal.BootstrapContextImpl   : Injecting ScanOptions [org.hibernate.boot.archive.scan.internal.StandardScanOptions@b9b97ad] into BootstrapContext; was [org.hibernate.boot.archive.scan.internal.StandardScanOptions@2807cf3]
2025-01-13T00:05:02.858-03:00  INFO 27584 --- [micro-pacientes] [           main] o.s.o.j.p.SpringPersistenceUnitInfo      : No LoadTimeWeaver setup: ignoring JPA class transformer
2025-01-13T00:05:02.858-03:00 DEBUG 27584 --- [micro-pacientes] [           main] o.h.boot.internal.BootstrapContextImpl   : Injecting JPA temp ClassLoader [null] into BootstrapContext; was [org.springframework.instrument.classloading.SimpleThrowawayClassLoader@70c56434]
2025-01-13T00:05:02.858-03:00 DEBUG 27584 --- [micro-pacientes] [           main] o.h.boot.internal.ClassLoaderAccessImpl  : ClassLoaderAccessImpl#injectTempClassLoader(null) [was org.springframework.instrument.classloading.SimpleThrowawayClassLoader@70c56434]
2025-01-13T00:05:02.882-03:00  INFO 27584 --- [micro-pacientes] [           main] com.zaxxer.hikari.HikariDataSource       : HikariPool-1 - Starting...
2025-01-13T00:05:02.884-03:00  WARN 27584 --- [micro-pacientes] [           main] c.zaxxer.hikari.util.DriverDataSource    : Registered driver with driverClassName=oracle.jdbc.driver.OracleDriver was not found, trying direct instantiation.
2025-01-13T00:05:03.664-03:00  INFO 27584 --- [micro-pacientes] [           main] com.zaxxer.hikari.pool.HikariPool        : HikariPool-1 - Added connection oracle.jdbc.driver.T4CConnection@6cfd08e9
2025-01-13T00:05:03.665-03:00  INFO 27584 --- [micro-pacientes] [           main] com.zaxxer.hikari.HikariDataSource       : HikariPool-1 - Start completed.
2025-01-13T00:05:03.669-03:00 DEBUG 27584 --- [micro-pacientes] [           main] o.h.e.j.e.i.JdbcEnvironmentInitiator     : Database ->
	   name : Oracle
	version : Oracle Database 19c Enterprise Edition Release 19.0.0.0.0 - Production
Version 19.26.0.1.0
	  major : 19
	  minor : 0
2025-01-13T00:05:03.669-03:00 DEBUG 27584 --- [micro-pacientes] [           main] o.h.e.j.e.i.JdbcEnvironmentInitiator     : Driver ->
	   name : Oracle JDBC driver
	version : 21.5.0.0.0
	  major : 21
	  minor : 5
2025-01-13T00:05:03.669-03:00 DEBUG 27584 --- [micro-pacientes] [           main] o.h.e.j.e.i.JdbcEnvironmentInitiator     : JDBC version : 4.3
2025-01-13T00:05:03.773-03:00  WARN 27584 --- [micro-pacientes] [           main] org.hibernate.orm.deprecation            : HHH90000025: OracleDialect does not need to be specified explicitly using 'hibernate.dialect' (remove the property setting and it will be selected by default)
2025-01-13T00:05:03.775-03:00 DEBUG 27584 --- [micro-pacientes] [           main] org.hibernate.orm.dialect                : HHH035001: Using dialect: org.hibernate.dialect.OracleDialect, version: 19.0
2025-01-13T00:05:03.821-03:00  INFO 27584 --- [micro-pacientes] [           main] org.hibernate.orm.connections.pooling    : HHH10001005: Database info:
	Database JDBC URL [Connecting through datasource 'HikariDataSource (HikariPool-1)']
	Database driver: undefined/unknown
	Database version: 19.0
	Autocommit mode: undefined/unknown
	Isolation level: undefined/unknown
	Minimum pool size: undefined/unknown
	Maximum pool size: undefined/unknown
2025-01-13T00:05:03.828-03:00 DEBUG 27584 --- [micro-pacientes] [           main] o.h.t.d.jdbc.spi.JdbcTypeRegistry        : addDescriptor(NCharTypeDescriptor) replaced previous registration(CharTypeDescriptor)
2025-01-13T00:05:03.828-03:00 DEBUG 27584 --- [micro-pacientes] [           main] o.h.t.d.jdbc.spi.JdbcTypeRegistry        : addDescriptor(NVarcharTypeDescriptor) replaced previous registration(VarcharTypeDescriptor)
2025-01-13T00:05:03.828-03:00 DEBUG 27584 --- [micro-pacientes] [           main] o.h.t.d.jdbc.spi.JdbcTypeRegistry        : addDescriptor(LongNVarcharTypeDescriptor) replaced previous registration(LongVarcharTypeDescriptor)
2025-01-13T00:05:03.831-03:00 DEBUG 27584 --- [micro-pacientes] [           main] o.h.t.d.jdbc.spi.JdbcTypeRegistry        : addDescriptor(NClobTypeDescriptor(DEFAULT)) replaced previous registration(ClobTypeDescriptor(DEFAULT))
2025-01-13T00:05:03.832-03:00 DEBUG 27584 --- [micro-pacientes] [           main] o.h.t.d.jdbc.spi.JdbcTypeRegistry        : addDescriptor(BooleanTypeDescriptor) replaced previous registration(BooleanTypeDescriptor)
2025-01-13T00:05:03.842-03:00 DEBUG 27584 --- [micro-pacientes] [           main] org.hibernate.type.BasicTypeRegistry     : Adding type registration null -> org.hibernate.type.NullType@25d23478
2025-01-13T00:05:03.842-03:00 DEBUG 27584 --- [micro-pacientes] [           main] org.hibernate.type.BasicTypeRegistry     : Type registration key [null] overrode previous entry : `org.hibernate.type.NullType@6728370a`
2025-01-13T00:05:03.843-03:00 DEBUG 27584 --- [micro-pacientes] [           main] org.hibernate.type.BasicTypeRegistry     : Adding type registration JAVA_OBJECT -> org.hibernate.type.JavaObjectType@1820f274
2025-01-13T00:05:03.843-03:00 DEBUG 27584 --- [micro-pacientes] [           main] org.hibernate.type.BasicTypeRegistry     : Adding type registration java.lang.Object -> org.hibernate.type.JavaObjectType@1820f274
2025-01-13T00:05:03.843-03:00 DEBUG 27584 --- [micro-pacientes] [           main] org.hibernate.type.BasicTypeRegistry     : Type registration key [java.lang.Object] overrode previous entry : `org.hibernate.type.JavaObjectType@305e95a4`
2025-01-13T00:05:03.845-03:00 DEBUG 27584 --- [micro-pacientes] [           main] org.hibernate.type.BasicTypeRegistry     : Adding type registration org.hibernate.type.DurationType -> basicType@1(java.time.Duration,3015)
2025-01-13T00:05:03.845-03:00 DEBUG 27584 --- [micro-pacientes] [           main] org.hibernate.type.BasicTypeRegistry     : Adding type registration Duration -> basicType@1(java.time.Duration,3015)
2025-01-13T00:05:03.845-03:00 DEBUG 27584 --- [micro-pacientes] [           main] org.hibernate.type.BasicTypeRegistry     : Adding type registration java.time.Duration -> basicType@1(java.time.Duration,3015)
2025-01-13T00:05:03.847-03:00 DEBUG 27584 --- [micro-pacientes] [           main] o.h.type.spi.TypeConfiguration$Scope     : Scoping TypeConfiguration [org.hibernate.type.spi.TypeConfiguration@1c681761] to MetadataBuildingContext [org.hibernate.boot.internal.MetadataBuildingContextRootImpl@411933]
2025-01-13T00:05:03.874-03:00 DEBUG 27584 --- [micro-pacientes] [           main] o.h.boot.model.relational.Namespace      : Created database namespace [logicalName=Name{catalog=null, schema=null}, physicalName=Name{catalog=null, schema=null}]
2025-01-13T00:05:03.895-03:00 DEBUG 27584 --- [micro-pacientes] [           main] o.h.boot.model.internal.EntityBinder     : Binding entity from annotated class: com.gespaciente.micro_pacientes.model.Alert
2025-01-13T00:05:03.900-03:00 DEBUG 27584 --- [micro-pacientes] [           main] o.h.boot.model.internal.EntityBinder     : Import with entity name Alert
2025-01-13T00:05:03.911-03:00 DEBUG 27584 --- [micro-pacientes] [           main] o.h.boot.model.internal.EntityBinder     : Bind entity com.gespaciente.micro_pacientes.model.Alert on table alertas
2025-01-13T00:05:03.922-03:00 DEBUG 27584 --- [micro-pacientes] [           main] o.h.boot.model.internal.AnnotatedColumn  : Binding column: AnnotatedDiscriminatorColumn(column='DTYPE')
2025-01-13T00:05:03.935-03:00 DEBUG 27584 --- [micro-pacientes] [           main] o.h.boot.model.internal.AnnotatedColumn  : Binding column: AnnotatedColumn(column='ALERTA_ID')
2025-01-13T00:05:03.936-03:00 DEBUG 27584 --- [micro-pacientes] [           main] o.h.boot.internal.ClassLoaderAccessImpl  : Not known whether passed class name [com.gespaciente.micro_pacientes.model.Alert] is safe
2025-01-13T00:05:03.936-03:00 DEBUG 27584 --- [micro-pacientes] [           main] o.h.boot.internal.ClassLoaderAccessImpl  : No temp ClassLoader provided; using live ClassLoader for loading potentially unsafe class : com.gespaciente.micro_pacientes.model.Alert
2025-01-13T00:05:03.939-03:00 DEBUG 27584 --- [micro-pacientes] [           main] o.h.boot.model.internal.PropertyBinder   : MetadataSourceProcessor property id with lazy=false
2025-01-13T00:05:03.942-03:00 DEBUG 27584 --- [micro-pacientes] [           main] o.h.b.m.internal.AbstractPropertyHolder  : Attempting to locate auto-apply AttributeConverter for property [com.gespaciente.micro_pacientes.model.Alert:id]
2025-01-13T00:05:03.944-03:00 DEBUG 27584 --- [micro-pacientes] [           main] o.h.b.model.internal.BasicValueBinder    : building BasicValue for id
2025-01-13T00:05:03.946-03:00 DEBUG 27584 --- [micro-pacientes] [           main] org.hibernate.mapping.BasicValue         : Skipping column re-registration: alertas.alerta_id
2025-01-13T00:05:03.946-03:00 DEBUG 27584 --- [micro-pacientes] [           main] o.h.boot.model.internal.PropertyBinder   : Building property id
2025-01-13T00:05:03.948-03:00 DEBUG 27584 --- [micro-pacientes] [           main] o.h.boot.model.internal.BinderHelper     : #makeIdGenerator(BasicValue([Column(alerta_id)]), id, identity, , ...)
2025-01-13T00:05:03.949-03:00 DEBUG 27584 --- [micro-pacientes] [           main] o.h.boot.model.internal.AnnotatedColumn  : Binding column: AnnotatedColumn(column='TIPO_ALERTA')
2025-01-13T00:05:03.949-03:00 DEBUG 27584 --- [micro-pacientes] [           main] o.h.boot.model.internal.PropertyBinder   : MetadataSourceProcessor property alertType with lazy=false
2025-01-13T00:05:03.949-03:00 DEBUG 27584 --- [micro-pacientes] [           main] o.h.b.m.internal.AbstractPropertyHolder  : Attempting to locate auto-apply AttributeConverter for property [com.gespaciente.micro_pacientes.model.Alert:alertType]
2025-01-13T00:05:03.949-03:00 DEBUG 27584 --- [micro-pacientes] [           main] o.h.b.model.internal.BasicValueBinder    : building BasicValue for alertType
2025-01-13T00:05:03.949-03:00 DEBUG 27584 --- [micro-pacientes] [           main] org.hibernate.mapping.BasicValue         : Skipping column re-registration: alertas.tipo_alerta
2025-01-13T00:05:03.949-03:00 DEBUG 27584 --- [micro-pacientes] [           main] o.h.boot.model.internal.PropertyBinder   : Building property alertType
2025-01-13T00:05:03.950-03:00 DEBUG 27584 --- [micro-pacientes] [           main] o.h.boot.model.internal.AnnotatedColumn  : Binding column: AnnotatedJoinColumn(column='PACIENTE_ID')
2025-01-13T00:05:03.951-03:00 DEBUG 27584 --- [micro-pacientes] [           main] o.h.boot.model.internal.AnnotatedColumn  : Binding column: AnnotatedColumn()
2025-01-13T00:05:03.955-03:00 DEBUG 27584 --- [micro-pacientes] [           main] o.h.boot.model.internal.PropertyBinder   : Building property patient
2025-01-13T00:05:03.955-03:00 DEBUG 27584 --- [micro-pacientes] [           main] o.h.boot.model.internal.AnnotatedColumn  : Binding column: AnnotatedColumn(column='ESTADO')
2025-01-13T00:05:03.955-03:00 DEBUG 27584 --- [micro-pacientes] [           main] o.h.boot.model.internal.PropertyBinder   : MetadataSourceProcessor property status with lazy=false
2025-01-13T00:05:03.955-03:00 DEBUG 27584 --- [micro-pacientes] [           main] o.h.b.m.internal.AbstractPropertyHolder  : Attempting to locate auto-apply AttributeConverter for property [com.gespaciente.micro_pacientes.model.Alert:status]
2025-01-13T00:05:03.955-03:00 DEBUG 27584 --- [micro-pacientes] [           main] o.h.b.model.internal.BasicValueBinder    : building BasicValue for status
2025-01-13T00:05:03.955-03:00 DEBUG 27584 --- [micro-pacientes] [           main] org.hibernate.mapping.BasicValue         : Skipping column re-registration: alertas.estado
2025-01-13T00:05:03.955-03:00 DEBUG 27584 --- [micro-pacientes] [           main] o.h.boot.model.internal.PropertyBinder   : Building property status
2025-01-13T00:05:03.955-03:00 DEBUG 27584 --- [micro-pacientes] [           main] o.h.boot.model.internal.AnnotatedColumn  : Binding column: AnnotatedColumn(column='FECHA_HORA')
2025-01-13T00:05:03.955-03:00 DEBUG 27584 --- [micro-pacientes] [           main] o.h.boot.model.internal.PropertyBinder   : MetadataSourceProcessor property timestamp with lazy=false
2025-01-13T00:05:03.955-03:00 DEBUG 27584 --- [micro-pacientes] [           main] o.h.b.m.internal.AbstractPropertyHolder  : Attempting to locate auto-apply AttributeConverter for property [com.gespaciente.micro_pacientes.model.Alert:timestamp]
2025-01-13T00:05:03.955-03:00 DEBUG 27584 --- [micro-pacientes] [           main] o.h.b.model.internal.BasicValueBinder    : building BasicValue for timestamp
2025-01-13T00:05:03.955-03:00 DEBUG 27584 --- [micro-pacientes] [           main] org.hibernate.mapping.BasicValue         : Skipping column re-registration: alertas.fecha_hora
2025-01-13T00:05:03.955-03:00 DEBUG 27584 --- [micro-pacientes] [           main] o.h.boot.model.internal.PropertyBinder   : Building property timestamp
2025-01-13T00:05:03.956-03:00 DEBUG 27584 --- [micro-pacientes] [           main] o.h.b.r.c.i.ClassLoaderServiceImpl       : HHH000194: Package not found or no package-info.java: com.gespaciente.micro_pacientes.model
2025-01-13T00:05:03.959-03:00 DEBUG 27584 --- [micro-pacientes] [           main] o.h.boot.model.internal.EntityBinder     : Binding entity from annotated class: com.gespaciente.micro_pacientes.model.Patient
2025-01-13T00:05:03.959-03:00 DEBUG 27584 --- [micro-pacientes] [           main] o.h.boot.model.internal.EntityBinder     : Import with entity name Patient
2025-01-13T00:05:03.959-03:00 DEBUG 27584 --- [micro-pacientes] [           main] o.h.boot.model.internal.EntityBinder     : Bind entity com.gespaciente.micro_pacientes.model.Patient on table pacientes
2025-01-13T00:05:03.959-03:00 DEBUG 27584 --- [micro-pacientes] [           main] o.h.boot.model.internal.AnnotatedColumn  : Binding column: AnnotatedDiscriminatorColumn(column='DTYPE')
2025-01-13T00:05:03.960-03:00 DEBUG 27584 --- [micro-pacientes] [           main] o.h.boot.model.internal.AnnotatedColumn  : Binding column: AnnotatedColumn(column='PACIENTE_ID')
2025-01-13T00:05:03.960-03:00 DEBUG 27584 --- [micro-pacientes] [           main] o.h.boot.internal.ClassLoaderAccessImpl  : Not known whether passed class name [com.gespaciente.micro_pacientes.model.Patient] is safe
2025-01-13T00:05:03.960-03:00 DEBUG 27584 --- [micro-pacientes] [           main] o.h.boot.internal.ClassLoaderAccessImpl  : No temp ClassLoader provided; using live ClassLoader for loading potentially unsafe class : com.gespaciente.micro_pacientes.model.Patient
2025-01-13T00:05:03.960-03:00 DEBUG 27584 --- [micro-pacientes] [           main] o.h.boot.model.internal.PropertyBinder   : MetadataSourceProcessor property id with lazy=false
2025-01-13T00:05:03.960-03:00 DEBUG 27584 --- [micro-pacientes] [           main] o.h.b.m.internal.AbstractPropertyHolder  : Attempting to locate auto-apply AttributeConverter for property [com.gespaciente.micro_pacientes.model.Patient:id]
2025-01-13T00:05:03.960-03:00 DEBUG 27584 --- [micro-pacientes] [           main] o.h.b.model.internal.BasicValueBinder    : building BasicValue for id
2025-01-13T00:05:03.960-03:00 DEBUG 27584 --- [micro-pacientes] [           main] org.hibernate.mapping.BasicValue         : Skipping column re-registration: pacientes.paciente_id
2025-01-13T00:05:03.960-03:00 DEBUG 27584 --- [micro-pacientes] [           main] o.h.boot.model.internal.PropertyBinder   : Building property id
2025-01-13T00:05:03.961-03:00 DEBUG 27584 --- [micro-pacientes] [           main] o.h.boot.model.internal.BinderHelper     : #makeIdGenerator(BasicValue([Column(paciente_id)]), id, identity, , ...)
2025-01-13T00:05:03.961-03:00 DEBUG 27584 --- [micro-pacientes] [           main] o.h.boot.model.internal.AnnotatedColumn  : Binding column: AnnotatedColumn(column='EDAD')
2025-01-13T00:05:03.961-03:00 DEBUG 27584 --- [micro-pacientes] [           main] o.h.boot.model.internal.PropertyBinder   : MetadataSourceProcessor property age with lazy=false
2025-01-13T00:05:03.961-03:00 DEBUG 27584 --- [micro-pacientes] [           main] o.h.b.m.internal.AbstractPropertyHolder  : Attempting to locate auto-apply AttributeConverter for property [com.gespaciente.micro_pacientes.model.Patient:age]
2025-01-13T00:05:03.961-03:00 DEBUG 27584 --- [micro-pacientes] [           main] o.h.b.model.internal.BasicValueBinder    : building BasicValue for age
2025-01-13T00:05:03.961-03:00 DEBUG 27584 --- [micro-pacientes] [           main] org.hibernate.mapping.BasicValue         : Skipping column re-registration: pacientes.edad
2025-01-13T00:05:03.961-03:00 DEBUG 27584 --- [micro-pacientes] [           main] o.h.boot.model.internal.PropertyBinder   : Building property age
2025-01-13T00:05:03.961-03:00 DEBUG 27584 --- [micro-pacientes] [           main] o.h.boot.model.internal.AnnotatedColumn  : Binding column: AnnotatedColumn(column='CAMA')
2025-01-13T00:05:03.961-03:00 DEBUG 27584 --- [micro-pacientes] [           main] o.h.boot.model.internal.PropertyBinder   : MetadataSourceProcessor property bed with lazy=false
2025-01-13T00:05:03.961-03:00 DEBUG 27584 --- [micro-pacientes] [           main] o.h.b.m.internal.AbstractPropertyHolder  : Attempting to locate auto-apply AttributeConverter for property [com.gespaciente.micro_pacientes.model.Patient:bed]
2025-01-13T00:05:03.961-03:00 DEBUG 27584 --- [micro-pacientes] [           main] o.h.b.model.internal.BasicValueBinder    : building BasicValue for bed
2025-01-13T00:05:03.961-03:00 DEBUG 27584 --- [micro-pacientes] [           main] org.hibernate.mapping.BasicValue         : Skipping column re-registration: pacientes.cama
2025-01-13T00:05:03.961-03:00 DEBUG 27584 --- [micro-pacientes] [           main] o.h.boot.model.internal.PropertyBinder   : Building property bed
2025-01-13T00:05:03.962-03:00 DEBUG 27584 --- [micro-pacientes] [           main] o.h.boot.model.internal.AnnotatedColumn  : Binding column: AnnotatedColumn(column='NOMBRE')
2025-01-13T00:05:03.962-03:00 DEBUG 27584 --- [micro-pacientes] [           main] o.h.boot.model.internal.PropertyBinder   : MetadataSourceProcessor property name with lazy=false
2025-01-13T00:05:03.962-03:00 DEBUG 27584 --- [micro-pacientes] [           main] o.h.b.m.internal.AbstractPropertyHolder  : Attempting to locate auto-apply AttributeConverter for property [com.gespaciente.micro_pacientes.model.Patient:name]
2025-01-13T00:05:03.962-03:00 DEBUG 27584 --- [micro-pacientes] [           main] o.h.b.model.internal.BasicValueBinder    : building BasicValue for name
2025-01-13T00:05:03.962-03:00 DEBUG 27584 --- [micro-pacientes] [           main] org.hibernate.mapping.BasicValue         : Skipping column re-registration: pacientes.nombre
2025-01-13T00:05:03.962-03:00 DEBUG 27584 --- [micro-pacientes] [           main] o.h.boot.model.internal.PropertyBinder   : Building property name
2025-01-13T00:05:03.962-03:00 DEBUG 27584 --- [micro-pacientes] [           main] o.h.boot.model.internal.AnnotatedColumn  : Binding column: AnnotatedColumn(column='FECHA_REGISTRO')
2025-01-13T00:05:03.962-03:00 DEBUG 27584 --- [micro-pacientes] [           main] o.h.boot.model.internal.PropertyBinder   : MetadataSourceProcessor property registrationDate with lazy=false
2025-01-13T00:05:03.962-03:00 DEBUG 27584 --- [micro-pacientes] [           main] o.h.b.m.internal.AbstractPropertyHolder  : Attempting to locate auto-apply AttributeConverter for property [com.gespaciente.micro_pacientes.model.Patient:registrationDate]
2025-01-13T00:05:03.962-03:00 DEBUG 27584 --- [micro-pacientes] [           main] o.h.b.model.internal.BasicValueBinder    : building BasicValue for registrationDate
[...]
         - @ConditionalOnClass did not find required class 'org.springframework.session.Session' (OnClassCondition)

   SessionsEndpointAutoConfiguration:
      Did not match:
         - @ConditionalOnClass did not find required class 'org.springframework.session.Session' (OnClassCondition)

   ShutdownEndpointAutoConfiguration:
      Did not match:
         - @ConditionalOnAvailableEndpoint the configured access for endpoint 'shutdown' is NONE (OnAvailableEndpointCondition)

   SignalFxMetricsExportAutoConfiguration:
      Did not match:
         - @ConditionalOnClass did not find required class 'io.micrometer.signalfx.SignalFxMeterRegistry' (OnClassCondition)

   SpringApplicationAdminJmxAutoConfiguration:
      Did not match:
         - @ConditionalOnProperty (spring.application.admin.enabled=true) did not find property 'enabled' (OnPropertyCondition)

   SpringBootWebSecurityConfiguration.SecurityFilterChainConfiguration:
      Did not match:
         - AllNestedConditions 1 matched 1 did not; NestedCondition on DefaultWebSecurityCondition.Beans @ConditionalOnMissingBean (types: org.springframework.security.web.SecurityFilterChain; SearchStrategy: all) found beans of type 'org.springframework.security.web.SecurityFilterChain' filterChain; NestedCondition on DefaultWebSecurityCondition.Classes @ConditionalOnClass found required classes 'org.springframework.security.web.SecurityFilterChain', 'org.springframework.security.config.annotation.web.builders.HttpSecurity' (DefaultWebSecurityCondition)

   StackdriverMetricsExportAutoConfiguration:
      Did not match:
         - @ConditionalOnClass did not find required class 'io.micrometer.stackdriver.StackdriverMeterRegistry' (OnClassCondition)

   StartupEndpointAutoConfiguration:
      Did not match:
         - ApplicationStartup configured applicationStartup is of type class org.springframework.core.metrics.DefaultApplicationStartup, expected BufferingApplicationStartup. (StartupEndpointAutoConfiguration.ApplicationStartupCondition)

   StatsdMetricsExportAutoConfiguration:
      Did not match:
         - @ConditionalOnClass did not find required class 'io.micrometer.statsd.StatsdMeterRegistry' (OnClassCondition)

   TaskExecutorConfigurations.SimpleAsyncTaskExecutorBuilderConfiguration#simpleAsyncTaskExecutorBuilderVirtualThreads:
      Did not match:
         - @ConditionalOnMissingBean (types: org.springframework.boot.task.SimpleAsyncTaskExecutorBuilder; SearchStrategy: all) found beans of type 'org.springframework.boot.task.SimpleAsyncTaskExecutorBuilder' simpleAsyncTaskExecutorBuilder (OnBeanCondition)

   TaskExecutorConfigurations.TaskExecutorConfiguration#applicationTaskExecutorVirtualThreads:
      Did not match:
         - @ConditionalOnThreading did not find VIRTUAL (OnThreadingCondition)

   TaskSchedulingAutoConfiguration#scheduledBeanLazyInitializationExcludeFilter:
      Did not match:
         - @ConditionalOnBean (names: org.springframework.context.annotation.internalScheduledAnnotationProcessor; SearchStrategy: all) did not find any beans named org.springframework.context.annotation.internalScheduledAnnotationProcessor (OnBeanCondition)

   TaskSchedulingConfigurations.SimpleAsyncTaskSchedulerBuilderConfiguration#simpleAsyncTaskSchedulerBuilderVirtualThreads:
      Did not match:
         - @ConditionalOnMissingBean (types: org.springframework.boot.task.SimpleAsyncTaskSchedulerBuilder; SearchStrategy: all) found beans of type 'org.springframework.boot.task.SimpleAsyncTaskSchedulerBuilder' simpleAsyncTaskSchedulerBuilder (OnBeanCondition)

   TaskSchedulingConfigurations.TaskSchedulerConfiguration:
      Did not match:
         - @ConditionalOnBean (names: org.springframework.context.annotation.internalScheduledAnnotationProcessor; SearchStrategy: all) did not find any beans named org.springframework.context.annotation.internalScheduledAnnotationProcessor (OnBeanCondition)

   ThreadDumpEndpointAutoConfiguration:
      Did not match:
         - @ConditionalOnAvailableEndpoint not exposed (OnAvailableEndpointCondition)

   ThymeleafAutoConfiguration:
      Did not match:
         - @ConditionalOnClass did not find required class 'org.thymeleaf.spring6.SpringTemplateEngine' (OnClassCondition)

   TransactionAutoConfiguration#transactionalOperator:
      Did not match:
         - @ConditionalOnSingleCandidate (types: org.springframework.transaction.ReactiveTransactionManager; SearchStrategy: all) did not find any beans (OnBeanCondition)

   TransactionAutoConfiguration.AspectJTransactionManagementConfiguration:
      Did not match:
         - @ConditionalOnBean (types: org.springframework.transaction.aspectj.AbstractTransactionAspect; SearchStrategy: all) did not find any beans of type org.springframework.transaction.aspectj.AbstractTransactionAspect (OnBeanCondition)

   TransactionAutoConfiguration.EnableTransactionManagementConfiguration.JdkDynamicAutoProxyConfiguration:
      Did not match:
         - @ConditionalOnProperty (spring.aop.proxy-target-class=false) did not find property 'proxy-target-class' (OnPropertyCondition)

   UserDetailsServiceAutoConfiguration:
      Did not match:
         - AnyNestedCondition 0 matched 3 did not; NestedCondition on UserDetailsServiceAutoConfiguration.MissingAlternativeOrUserPropertiesConfigured.PasswordConfigured @ConditionalOnProperty (spring.security.user.password) did not find property 'password'; NestedCondition on UserDetailsServiceAutoConfiguration.MissingAlternativeOrUserPropertiesConfigured.NameConfigured @ConditionalOnProperty (spring.security.user.name) did not find property 'name'; NestedCondition on UserDetailsServiceAutoConfiguration.MissingAlternativeOrUserPropertiesConfigured.MissingAlternative @ConditionalOnMissingClass found unwanted class 'org.springframework.security.oauth2.server.resource.introspection.OpaqueTokenIntrospector' (UserDetailsServiceAutoConfiguration.MissingAlternativeOrUserPropertiesConfigured)
      Matched:
         - @ConditionalOnClass found required class 'org.springframework.security.authentication.AuthenticationManager' (OnClassCondition)
         - found 'session' scope (OnWebApplicationCondition)

   ValidationAutoConfiguration:
      Did not match:
         - @ConditionalOnClass did not find required class 'jakarta.validation.executable.ExecutableValidator' (OnClassCondition)

   WavefrontAutoConfiguration:
      Did not match:
         - @ConditionalOnClass did not find required class 'com.wavefront.sdk.common.application.ApplicationTags' (OnClassCondition)

   WavefrontMetricsExportAutoConfiguration:
      Did not match:
         - @ConditionalOnClass did not find required class 'com.wavefront.sdk.common.WavefrontSender' (OnClassCondition)

   WavefrontTracingAutoConfiguration:
      Did not match:
         - @ConditionalOnClass did not find required class 'com.wavefront.sdk.common.WavefrontSender' (OnClassCondition)

   WebClientAutoConfiguration:
      Did not match:
         - @ConditionalOnClass did not find required class 'org.springframework.web.reactive.function.client.WebClient' (OnClassCondition)

   WebClientObservationConfiguration:
      Did not match:
         - @ConditionalOnClass did not find required class 'org.springframework.web.reactive.function.client.WebClient' (OnClassCondition)

   WebFluxAutoConfiguration:
      Did not match:
         - @ConditionalOnClass did not find required class 'org.springframework.web.reactive.config.WebFluxConfigurer' (OnClassCondition)

   WebFluxEndpointManagementContextConfiguration:
      Did not match:
         - @ConditionalOnClass did not find required class 'org.springframework.web.reactive.DispatcherHandler' (OnClassCondition)

   WebFluxObservationAutoConfiguration:
      Did not match:
         - @ConditionalOnWebApplication did not find reactive web application classes (OnWebApplicationCondition)

   WebMvcAutoConfiguration#hiddenHttpMethodFilter:
      Did not match:
         - @ConditionalOnProperty (spring.mvc.hiddenmethod.filter.enabled) did not find property 'enabled' (OnPropertyCondition)

   WebMvcAutoConfiguration.ProblemDetailsErrorHandlingConfiguration:
      Did not match:
         - @ConditionalOnProperty (spring.mvc.problemdetails.enabled=true) did not find property 'enabled' (OnPropertyCondition)

   WebMvcAutoConfiguration.ResourceChainCustomizerConfiguration:
      Did not match:
         - @ConditionalOnEnabledResourceChain did not find class org.webjars.WebJarVersionLocator (OnEnabledResourceChainCondition)

   WebMvcAutoConfiguration.WebMvcAutoConfigurationAdapter#beanNameViewResolver:
      Did not match:
         - @ConditionalOnMissingBean (types: org.springframework.web.servlet.view.BeanNameViewResolver; SearchStrategy: all) found beans of type 'org.springframework.web.servlet.view.BeanNameViewResolver' beanNameViewResolver (OnBeanCondition)

   WebMvcEndpointManagementContextConfiguration#managementHealthEndpointWebMvcHandlerMapping:
      Did not match:
         - Management Port actual port type (SAME) did not match required type (DIFFERENT) (OnManagementPortCondition)

   WebServiceTemplateAutoConfiguration:
      Did not match:
         - @ConditionalOnClass did not find required class 'org.springframework.oxm.Marshaller' (OnClassCondition)

   WebServicesAutoConfiguration:
      Did not match:
         - @ConditionalOnClass did not find required class 'org.springframework.ws.transport.http.MessageDispatcherServlet' (OnClassCondition)

   WebSessionIdResolverAutoConfiguration:
      Did not match:
         - @ConditionalOnClass did not find required class 'reactor.core.publisher.Mono' (OnClassCondition)

   WebSocketMessagingAutoConfiguration:
      Did not match:
         - @ConditionalOnClass did not find required class 'org.springframework.web.socket.config.annotation.WebSocketMessageBrokerConfigurer' (OnClassCondition)

   WebSocketReactiveAutoConfiguration:
      Did not match:
         - @ConditionalOnWebApplication did not find reactive web application classes (OnWebApplicationCondition)

   WebSocketServletAutoConfiguration.JettyWebSocketConfiguration:
      Did not match:
         - @ConditionalOnClass did not find required class 'org.eclipse.jetty.ee10.websocket.jakarta.server.config.JakartaWebSocketServletContainerInitializer' (OnClassCondition)

   WebSocketServletAutoConfiguration.UndertowWebSocketConfiguration:
      Did not match:
         - @ConditionalOnClass did not find required class 'io.undertow.websockets.jsr.Bootstrap' (OnClassCondition)

   XADataSourceAutoConfiguration:
      Did not match:
         - @ConditionalOnBean (types: org.springframework.boot.jdbc.XADataSourceWrapper; SearchStrategy: all) did not find any beans of type org.springframework.boot.jdbc.XADataSourceWrapper (OnBeanCondition)
      Matched:
         - @ConditionalOnClass found required classes 'javax.sql.DataSource', 'jakarta.transaction.TransactionManager', 'org.springframework.jdbc.datasource.embedded.EmbeddedDatabaseType' (OnClassCondition)

   ZipkinAutoConfiguration:
      Did not match:
         - @ConditionalOnClass did not find required class 'zipkin2.reporter.Encoding' (OnClassCondition)


Exclusions:
-----------

    None


Unconditional classes:
----------------------

    org.springframework.boot.autoconfigure.context.ConfigurationPropertiesAutoConfiguration

    org.springframework.boot.actuate.autoconfigure.availability.AvailabilityHealthContributorAutoConfiguration

    org.springframework.boot.autoconfigure.ssl.SslAutoConfiguration

    org.springframework.boot.actuate.autoconfigure.info.InfoContributorAutoConfiguration

    org.springframework.boot.autoconfigure.context.PropertyPlaceholderAutoConfiguration

    org.springframework.boot.autoconfigure.context.LifecycleAutoConfiguration

    org.springframework.boot.actuate.autoconfigure.metrics.integration.IntegrationMetricsAutoConfiguration

    org.springframework.boot.actuate.autoconfigure.endpoint.EndpointAutoConfiguration

    org.springframework.boot.actuate.autoconfigure.web.server.ManagementContextAutoConfiguration

    org.springframework.boot.actuate.autoconfigure.health.HealthContributorAutoConfiguration

    org.springframework.boot.actuate.autoconfigure.endpoint.jackson.JacksonEndpointAutoConfiguration

    org.springframework.boot.autoconfigure.availability.ApplicationAvailabilityAutoConfiguration

    org.springframework.boot.autoconfigure.info.ProjectInfoAutoConfiguration



2025-01-13T00:05:09.655-03:00  INFO 27584 --- [micro-pacientes] [           main] c.g.m.MicroPacientesApplicationTests     : Started MicroPacientesApplicationTests in 9.36 seconds (process running for 10.076)
2025-01-13T00:05:09.666-03:00 DEBUG 27584 --- [micro-pacientes] [           main] o.s.b.a.ApplicationAvailabilityBean      : Application availability state LivenessState changed to CORRECT
2025-01-13T00:05:09.668-03:00 DEBUG 27584 --- [micro-pacientes] [           main] o.s.boot.devtools.restart.Restarter      : Creating new Restarter for thread Thread[#1,main,5,main]
2025-01-13T00:05:09.669-03:00 DEBUG 27584 --- [micro-pacientes] [           main] o.s.b.a.ApplicationAvailabilityBean      : Application availability state ReadinessState changed to ACCEPTING_TRAFFIC
2025-01-13T00:05:09.672-03:00 DEBUG 27584 --- [micro-pacientes] [           main] org.springframework.test.context.cache   : Spring test ApplicationContext cache statistics: [DefaultContextCache@2381a837 size = 1, maxSize = 32, parentContextCount = 0, hitCount = 0, missCount = 1, failureCount = 0]
2025-01-13T00:05:09.672-03:00 DEBUG 27584 --- [micro-pacientes] [           main] o.s.t.c.w.ServletTestExecutionListener   : Setting up MockHttpServletRequest, MockHttpServletResponse, ServletWebRequest, and RequestContextHolder for test class com.gespaciente.micro_pacientes.MicroPacientesApplicationTests
2025-01-13T00:05:09.690-03:00 DEBUG 27584 --- [micro-pacientes] [           main] DependencyInjectionTestExecutionListener : Performing dependency injection for test class com.gespaciente.micro_pacientes.MicroPacientesApplicationTests
2025-01-13T00:05:09.690-03:00 DEBUG 27584 --- [micro-pacientes] [           main] org.springframework.test.context.cache   : Spring test ApplicationContext cache statistics: [DefaultContextCache@2381a837 size = 1, maxSize = 32, parentContextCount = 0, hitCount = 1, missCount = 1, failureCount = 0]
2025-01-13T00:05:09.692-03:00 DEBUG 27584 --- [micro-pacientes] [           main] org.springframework.test.context.cache   : Spring test ApplicationContext cache statistics: [DefaultContextCache@2381a837 size = 1, maxSize = 32, parentContextCount = 0, hitCount = 2, missCount = 1, failureCount = 0]
2025-01-13T00:05:09.699-03:00 DEBUG 27584 --- [micro-pacientes] [           main] sContextBeforeModesTestExecutionListener : Before test method: class [MicroPacientesApplicationTests], method [contextLoads], class annotated with @DirtiesContext [false] with mode [null], method annotated with @DirtiesContext [false] with mode [null]
2025-01-13T00:05:09.702-03:00 DEBUG 27584 --- [micro-pacientes] [           main] org.springframework.test.context.cache   : Spring test ApplicationContext cache statistics: [DefaultContextCache@2381a837 size = 1, maxSize = 32, parentContextCount = 0, hitCount = 3, missCount = 1, failureCount = 0]
2025-01-13T00:05:09.704-03:00 DEBUG 27584 --- [micro-pacientes] [           main] org.springframework.test.context.cache   : Spring test ApplicationContext cache statistics: [DefaultContextCache@2381a837 size = 1, maxSize = 32, parentContextCount = 0, hitCount = 4, missCount = 1, failureCount = 0]
2025-01-13T00:05:10.037-03:00 DEBUG 27584 --- [micro-pacientes] [           main] org.springframework.test.context.cache   : Spring test ApplicationContext cache statistics: [DefaultContextCache@2381a837 size = 1, maxSize = 32, parentContextCount = 0, hitCount = 5, missCount = 1, failureCount = 0]
2025-01-13T00:05:10.040-03:00 DEBUG 27584 --- [micro-pacientes] [           main] org.springframework.test.context.cache   : Spring test ApplicationContext cache statistics: [DefaultContextCache@2381a837 size = 1, maxSize = 32, parentContextCount = 0, hitCount = 6, missCount = 1, failureCount = 0]
2025-01-13T00:05:10.043-03:00 DEBUG 27584 --- [micro-pacientes] [           main] org.springframework.test.context.cache   : Spring test ApplicationContext cache statistics: [DefaultContextCache@2381a837 size = 1, maxSize = 32, parentContextCount = 0, hitCount = 7, missCount = 1, failureCount = 0]
2025-01-13T00:05:10.043-03:00 DEBUG 27584 --- [micro-pacientes] [           main] org.springframework.test.context.cache   : Spring test ApplicationContext cache statistics: [DefaultContextCache@2381a837 size = 1, maxSize = 32, parentContextCount = 0, hitCount = 8, missCount = 1, failureCount = 0]
2025-01-13T00:05:10.044-03:00 DEBUG 27584 --- [micro-pacientes] [           main] org.springframework.test.context.cache   : Spring test ApplicationContext cache statistics: [DefaultContextCache@2381a837 size = 1, maxSize = 32, parentContextCount = 0, hitCount = 9, missCount = 1, failureCount = 0]
2025-01-13T00:05:10.044-03:00 DEBUG 27584 --- [micro-pacientes] [           main] org.springframework.test.context.cache   : Spring test ApplicationContext cache statistics: [DefaultContextCache@2381a837 size = 1, maxSize = 32, parentContextCount = 0, hitCount = 10, missCount = 1, failureCount = 0]
2025-01-13T00:05:10.045-03:00 DEBUG 27584 --- [micro-pacientes] [           main] org.springframework.test.context.cache   : Spring test ApplicationContext cache statistics: [DefaultContextCache@2381a837 size = 1, maxSize = 32, parentContextCount = 0, hitCount = 11, missCount = 1, failureCount = 0]
2025-01-13T00:05:10.045-03:00 DEBUG 27584 --- [micro-pacientes] [           main] org.springframework.test.context.cache   : Spring test ApplicationContext cache statistics: [DefaultContextCache@2381a837 size = 1, maxSize = 32, parentContextCount = 0, hitCount = 12, missCount = 1, failureCount = 0]
2025-01-13T00:05:10.046-03:00 DEBUG 27584 --- [micro-pacientes] [           main] org.springframework.test.context.cache   : Spring test ApplicationContext cache statistics: [DefaultContextCache@2381a837 size = 1, maxSize = 32, parentContextCount = 0, hitCount = 13, missCount = 1, failureCount = 0]
2025-01-13T00:05:10.046-03:00 DEBUG 27584 --- [micro-pacientes] [           main] org.springframework.test.context.cache   : Spring test ApplicationContext cache statistics: [DefaultContextCache@2381a837 size = 1, maxSize = 32, parentContextCount = 0, hitCount = 14, missCount = 1, failureCount = 0]
2025-01-13T00:05:10.047-03:00 DEBUG 27584 --- [micro-pacientes] [           main] .c.s.DirtiesContextTestExecutionListener : After test method: class [MicroPacientesApplicationTests], method [contextLoads], class annotated with @DirtiesContext [false] with mode [null], method annotated with @DirtiesContext [false] with mode [null]
2025-01-13T00:05:10.047-03:00 DEBUG 27584 --- [micro-pacientes] [           main] o.s.t.c.w.ServletTestExecutionListener   : Resetting RequestContextHolder for test class com.gespaciente.micro_pacientes.MicroPacientesApplicationTests
]]></system-out>
    <system-err><![CDATA[Mockito is currently self-attaching to enable the inline-mock-maker. This will no longer work in future releases of the JDK. Please add Mockito as an agent to your build what is described in Mockito's documentation: https://javadoc.io/doc/org.mockito/mockito-core/latest/org/mockito/Mockito.html#0.3
WARNING: A Java agent has been loaded dynamically (C:\Users\mar_x\.m2\repository\net\bytebuddy\byte-buddy-agent\1.15.11\byte-buddy-agent-1.15.11.jar)
WARNING: If a serviceability tool is in use, please run with -XX:+EnableDynamicAgentLoading to hide this warning
WARNING: If a serviceability tool is not in use, please run with -Djdk.instrument.traceUsage for more information
WARNING: Dynamic loading of agents will be disallowed by default in a future release
]]></system-err>
  </testcase>
</testsuite>